Selected Features: 1 in 273.
Feature name	 Translation
AtomicRadiusGeomWeighted	原子半径GeomWeighted
Selected Features: 2 in 273.
Feature name	 Translation
EAGeomWeighted	电子亲和能GeomWeighted
AtomicRadiusGeomWeighted	原子半径GeomWeighted
Selected Features: 3 in 273.
Feature name	 Translation
AtomicRadiusMinWeighted	原子半径MinWeighted
EAGeomWeighted	电子亲和能GeomWeighted
AtomicRadiusGeomWeighted	原子半径GeomWeighted
Selected Features: 4 in 273.
Feature name	 Translation
AtomicRadiusMinWeighted	原子半径MinWeighted
AtomicRadiusMeanWeighted	原子半径MeanWeighted
EAGeomWeighted	电子亲和能GeomWeighted
AtomicRadiusGeomWeighted	原子半径GeomWeighted
Selected Features: 5 in 273.
Feature name	 Translation
orgavgpolGeomAvg	orgavgpol几何平均
AtomicRadiusMinWeighted	原子半径MinWeighted
AtomicRadiusMeanWeighted	原子半径MeanWeighted
EAGeomWeighted	电子亲和能GeomWeighted
AtomicRadiusGeomWeighted	原子半径GeomWeighted
Selected Features: 6 in 273.
Feature name	 Translation
orgavgpolGeomAvg	orgavgpol几何平均
AtomicRadiusMinWeighted	原子半径MinWeighted
AtomicRadiusMeanWeighted	原子半径MeanWeighted
EAGeomWeighted	电子亲和能GeomWeighted
PaulingElectronegGeomWeighted	Pauling电负性GeomWeighted
AtomicRadiusGeomWeighted	原子半径GeomWeighted
Selected Features: 7 in 273.
Feature name	 Translation
orgavgpolGeomAvg	orgavgpol几何平均
orgASA_HGeomAvg	orgASA_H几何平均
AtomicRadiusMinWeighted	原子半径MinWeighted
AtomicRadiusMeanWeighted	原子半径MeanWeighted
EAGeomWeighted	电子亲和能GeomWeighted
PaulingElectronegGeomWeighted	Pauling电负性GeomWeighted
AtomicRadiusGeomWeighted	原子半径GeomWeighted
Selected Features: 8 in 273.
Feature name	 Translation
orgpolarsurfaceareaMin	orgpolarsurfaceareaMin
orgavgpolGeomAvg	orgavgpol几何平均
orgASA_HGeomAvg	orgASA_H几何平均
AtomicRadiusMinWeighted	原子半径MinWeighted
AtomicRadiusMeanWeighted	原子半径MeanWeighted
EAGeomWeighted	电子亲和能GeomWeighted
PaulingElectronegGeomWeighted	Pauling电负性GeomWeighted
AtomicRadiusGeomWeighted	原子半径GeomWeighted
Selected Features: 9 in 273.
Feature name	 Translation
orgpolarsurfaceareaMin	orgpolarsurfaceareaMin
orgavgpolGeomAvg	orgavgpol几何平均
orgASA_HGeomAvg	orgASA_H几何平均
PearsonElectronegMinWeighted	Pearson电负性MinWeighted
AtomicRadiusMinWeighted	原子半径MinWeighted
AtomicRadiusMeanWeighted	原子半径MeanWeighted
EAGeomWeighted	电子亲和能GeomWeighted
PaulingElectronegGeomWeighted	Pauling电负性GeomWeighted
AtomicRadiusGeomWeighted	原子半径GeomWeighted
Selected Features: 10 in 273.
Feature name	 Translation
orgpolarsurfaceareaMin	orgpolarsurfaceareaMin
orgavgpolGeomAvg	orgavgpol几何平均
orgASA_HGeomAvg	orgASA_H几何平均
PearsonElectronegMinWeighted	Pearson电负性MinWeighted
hardnessMinWeighted	硬度MinWeighted
AtomicRadiusMinWeighted	原子半径MinWeighted
AtomicRadiusMeanWeighted	原子半径MeanWeighted
EAGeomWeighted	电子亲和能GeomWeighted
PaulingElectronegGeomWeighted	Pauling电负性GeomWeighted
AtomicRadiusGeomWeighted	原子半径GeomWeighted
Selected Features: 11 in 273.
Feature name	 Translation
orgpolarsurfaceareaMin	orgpolarsurfaceareaMin
orgavgpolGeomAvg	orgavgpol几何平均
orgASA+GeomAvg	orgASA+几何平均
orgASA_HGeomAvg	orgASA_H几何平均
PearsonElectronegMinWeighted	Pearson电负性MinWeighted
hardnessMinWeighted	硬度MinWeighted
AtomicRadiusMinWeighted	原子半径MinWeighted
AtomicRadiusMeanWeighted	原子半径MeanWeighted
EAGeomWeighted	电子亲和能GeomWeighted
PaulingElectronegGeomWeighted	Pauling电负性GeomWeighted
AtomicRadiusGeomWeighted	原子半径GeomWeighted
Selected Features: 12 in 273.
Feature name	 Translation
orgpolarsurfaceareaMax	orgpolarsurfaceareaMax
orgpolarsurfaceareaMin	orgpolarsurfaceareaMin
orgavgpolGeomAvg	orgavgpol几何平均
orgASA+GeomAvg	orgASA+几何平均
orgASA_HGeomAvg	orgASA_H几何平均
PearsonElectronegMinWeighted	Pearson电负性MinWeighted
hardnessMinWeighted	硬度MinWeighted
AtomicRadiusMinWeighted	原子半径MinWeighted
AtomicRadiusMeanWeighted	原子半径MeanWeighted
EAGeomWeighted	电子亲和能GeomWeighted
PaulingElectronegGeomWeighted	Pauling电负性GeomWeighted
AtomicRadiusGeomWeighted	原子半径GeomWeighted
Selected Features: 13 in 273.
Feature name	 Translation
orgpolarsurfaceareaMax	orgpolarsurfaceareaMax
orgpolarsurfaceareaMin	orgpolarsurfaceareaMin
orgavgpolGeomAvg	orgavgpol几何平均
orgASA+GeomAvg	orgASA+几何平均
orgASA_HGeomAvg	orgASA_H几何平均
PearsonElectronegMinWeighted	Pearson电负性MinWeighted
hardnessMinWeighted	硬度MinWeighted
AtomicRadiusMinWeighted	原子半径MinWeighted
hardnessMeanWeighted	硬度MeanWeighted
AtomicRadiusMeanWeighted	原子半径MeanWeighted
EAGeomWeighted	电子亲和能GeomWeighted
PaulingElectronegGeomWeighted	Pauling电负性GeomWeighted
AtomicRadiusGeomWeighted	原子半径GeomWeighted
Selected Features: 14 in 273.
Feature name	 Translation
orgpolarsurfaceareaMax	orgpolarsurfaceareaMax
orgpolarsurfaceareaMin	orgpolarsurfaceareaMin
orgavgpolGeomAvg	orgavgpol几何平均
orgASA+GeomAvg	orgASA+几何平均
orgASA_HGeomAvg	orgASA_H几何平均
EAMaxWeighted	电子亲和能MaxWeighted
PearsonElectronegMinWeighted	Pearson电负性MinWeighted
hardnessMinWeighted	硬度MinWeighted
AtomicRadiusMinWeighted	原子半径MinWeighted
hardnessMeanWeighted	硬度MeanWeighted
AtomicRadiusMeanWeighted	原子半径MeanWeighted
EAGeomWeighted	电子亲和能GeomWeighted
PaulingElectronegGeomWeighted	Pauling电负性GeomWeighted
AtomicRadiusGeomWeighted	原子半径GeomWeighted
Selected Features: 15 in 273.
Feature name	 Translation
orgpolarsurfaceareaMax	orgpolarsurfaceareaMax
orgpolarsurfaceareaMin	orgpolarsurfaceareaMin
orgavgpolGeomAvg	orgavgpol几何平均
orgASA+GeomAvg	orgASA+几何平均
orgASA_HGeomAvg	orgASA_H几何平均
EAMaxWeighted	电子亲和能MaxWeighted
PaulingElectronegMaxWeighted	Pauling电负性MaxWeighted
PearsonElectronegMinWeighted	Pearson电负性MinWeighted
hardnessMinWeighted	硬度MinWeighted
AtomicRadiusMinWeighted	原子半径MinWeighted
hardnessMeanWeighted	硬度MeanWeighted
AtomicRadiusMeanWeighted	原子半径MeanWeighted
EAGeomWeighted	电子亲和能GeomWeighted
PaulingElectronegGeomWeighted	Pauling电负性GeomWeighted
AtomicRadiusGeomWeighted	原子半径GeomWeighted
Selected Features: 16 in 273.
Feature name	 Translation
orgpolarsurfaceareaMax	orgpolarsurfaceareaMax
orgpolarsurfaceareaMin	orgpolarsurfaceareaMin
orgavgpolGeomAvg	orgavgpol几何平均
orgASA+GeomAvg	orgASA+几何平均
orgASA_HGeomAvg	orgASA_H几何平均
EAMaxWeighted	电子亲和能MaxWeighted
PaulingElectronegMaxWeighted	Pauling电负性MaxWeighted
EAMinWeighted	EAMinWeighted
PearsonElectronegMinWeighted	Pearson电负性MinWeighted
hardnessMinWeighted	硬度MinWeighted
AtomicRadiusMinWeighted	原子半径MinWeighted
hardnessMeanWeighted	硬度MeanWeighted
AtomicRadiusMeanWeighted	原子半径MeanWeighted
EAGeomWeighted	电子亲和能GeomWeighted
PaulingElectronegGeomWeighted	Pauling电负性GeomWeighted
AtomicRadiusGeomWeighted	原子半径GeomWeighted
Selected Features: 17 in 273.
Feature name	 Translation
orgavgpolMax	orgavgpolMax
orgpolarsurfaceareaMax	orgpolarsurfaceareaMax
orgpolarsurfaceareaMin	orgpolarsurfaceareaMin
orgavgpolGeomAvg	orgavgpol几何平均
orgASA+GeomAvg	orgASA+几何平均
orgASA_HGeomAvg	orgASA_H几何平均
EAMaxWeighted	电子亲和能MaxWeighted
PaulingElectronegMaxWeighted	Pauling电负性MaxWeighted
EAMinWeighted	EAMinWeighted
PearsonElectronegMinWeighted	Pearson电负性MinWeighted
hardnessMinWeighted	硬度MinWeighted
AtomicRadiusMinWeighted	原子半径MinWeighted
hardnessMeanWeighted	硬度MeanWeighted
AtomicRadiusMeanWeighted	原子半径MeanWeighted
EAGeomWeighted	电子亲和能GeomWeighted
PaulingElectronegGeomWeighted	Pauling电负性GeomWeighted
AtomicRadiusGeomWeighted	原子半径GeomWeighted
Selected Features: 18 in 273.
Feature name	 Translation
orgavgpolMax	orgavgpolMax
orgpolarsurfaceareaMax	orgpolarsurfaceareaMax
orgpolarsurfaceareaMin	orgpolarsurfaceareaMin
orgavgpolGeomAvg	orgavgpol几何平均
orgASA+GeomAvg	orgASA+几何平均
orgASA_HGeomAvg	orgASA_H几何平均
EAMaxWeighted	电子亲和能MaxWeighted
PaulingElectronegMaxWeighted	Pauling电负性MaxWeighted
EAMinWeighted	EAMinWeighted
PearsonElectronegMinWeighted	Pearson电负性MinWeighted
hardnessMinWeighted	硬度MinWeighted
AtomicRadiusMinWeighted	原子半径MinWeighted
IonizationMeanWeighted	电离能MeanWeighted
hardnessMeanWeighted	硬度MeanWeighted
AtomicRadiusMeanWeighted	原子半径MeanWeighted
EAGeomWeighted	电子亲和能GeomWeighted
PaulingElectronegGeomWeighted	Pauling电负性GeomWeighted
AtomicRadiusGeomWeighted	原子半径GeomWeighted
Selected Features: 19 in 273.
Feature name	 Translation
orgavgpolMax	orgavgpolMax
orgpolarsurfaceareaMax	orgpolarsurfaceareaMax
orgASA_PMin	orgASA_PMin
orgpolarsurfaceareaMin	orgpolarsurfaceareaMin
orgavgpolGeomAvg	orgavgpol几何平均
orgASA+GeomAvg	orgASA+几何平均
orgASA_HGeomAvg	orgASA_H几何平均
EAMaxWeighted	电子亲和能MaxWeighted
PaulingElectronegMaxWeighted	Pauling电负性MaxWeighted
EAMinWeighted	EAMinWeighted
PearsonElectronegMinWeighted	Pearson电负性MinWeighted
hardnessMinWeighted	硬度MinWeighted
AtomicRadiusMinWeighted	原子半径MinWeighted
IonizationMeanWeighted	电离能MeanWeighted
hardnessMeanWeighted	硬度MeanWeighted
AtomicRadiusMeanWeighted	原子半径MeanWeighted
EAGeomWeighted	电子亲和能GeomWeighted
PaulingElectronegGeomWeighted	Pauling电负性GeomWeighted
AtomicRadiusGeomWeighted	原子半径GeomWeighted
Selected Features: 20 in 273.
Feature name	 Translation
orgavgpolMax	orgavgpolMax
orgpolarsurfaceareaMax	orgpolarsurfaceareaMax
orgrefractivityMin	orgrefractivityMin
orgASA_PMin	orgASA_PMin
orgpolarsurfaceareaMin	orgpolarsurfaceareaMin
orgavgpolGeomAvg	orgavgpol几何平均
orgASA+GeomAvg	orgASA+几何平均
orgASA_HGeomAvg	orgASA_H几何平均
EAMaxWeighted	电子亲和能MaxWeighted
PaulingElectronegMaxWeighted	Pauling电负性MaxWeighted
EAMinWeighted	EAMinWeighted
PearsonElectronegMinWeighted	Pearson电负性MinWeighted
hardnessMinWeighted	硬度MinWeighted
AtomicRadiusMinWeighted	原子半径MinWeighted
IonizationMeanWeighted	电离能MeanWeighted
hardnessMeanWeighted	硬度MeanWeighted
AtomicRadiusMeanWeighted	原子半径MeanWeighted
EAGeomWeighted	电子亲和能GeomWeighted
PaulingElectronegGeomWeighted	Pauling电负性GeomWeighted
AtomicRadiusGeomWeighted	原子半径GeomWeighted
Selected Features: 21 in 273.
Feature name	 Translation
orgavgpolMax	orgavgpolMax
orgpolarsurfaceareaMax	orgpolarsurfaceareaMax
orgrefractivityMin	orgrefractivityMin
orgmolpolMin	orgmolpolMin
orgASA_PMin	orgASA_PMin
orgpolarsurfaceareaMin	orgpolarsurfaceareaMin
orgavgpolGeomAvg	orgavgpol几何平均
orgASA+GeomAvg	orgASA+几何平均
orgASA_HGeomAvg	orgASA_H几何平均
EAMaxWeighted	电子亲和能MaxWeighted
PaulingElectronegMaxWeighted	Pauling电负性MaxWeighted
EAMinWeighted	EAMinWeighted
PearsonElectronegMinWeighted	Pearson电负性MinWeighted
hardnessMinWeighted	硬度MinWeighted
AtomicRadiusMinWeighted	原子半径MinWeighted
IonizationMeanWeighted	电离能MeanWeighted
hardnessMeanWeighted	硬度MeanWeighted
AtomicRadiusMeanWeighted	原子半径MeanWeighted
EAGeomWeighted	电子亲和能GeomWeighted
PaulingElectronegGeomWeighted	Pauling电负性GeomWeighted
AtomicRadiusGeomWeighted	原子半径GeomWeighted
Selected Features: 22 in 273.
Feature name	 Translation
orgavgpolMax	orgavgpolMax
orgpolarsurfaceareaMax	orgpolarsurfaceareaMax
orgrefractivityMin	orgrefractivityMin
orgmolpolMin	orgmolpolMin
orgASA_PMin	orgASA_PMin
orgpolarsurfaceareaMin	orgpolarsurfaceareaMin
orgavgpolArithAvg	orgavgpol算术平均
orgavgpolGeomAvg	orgavgpol几何平均
orgASA+GeomAvg	orgASA+几何平均
orgASA_HGeomAvg	orgASA_H几何平均
EAMaxWeighted	电子亲和能MaxWeighted
PaulingElectronegMaxWeighted	Pauling电负性MaxWeighted
EAMinWeighted	EAMinWeighted
PearsonElectronegMinWeighted	Pearson电负性MinWeighted
hardnessMinWeighted	硬度MinWeighted
AtomicRadiusMinWeighted	原子半径MinWeighted
IonizationMeanWeighted	电离能MeanWeighted
hardnessMeanWeighted	硬度MeanWeighted
AtomicRadiusMeanWeighted	原子半径MeanWeighted
EAGeomWeighted	电子亲和能GeomWeighted
PaulingElectronegGeomWeighted	Pauling电负性GeomWeighted
AtomicRadiusGeomWeighted	原子半径GeomWeighted
Selected Features: 23 in 273.
Feature name	 Translation
orgavgpolMax	orgavgpolMax
orgpolarsurfaceareaMax	orgpolarsurfaceareaMax
orgrefractivityMin	orgrefractivityMin
orgmolpolMin	orgmolpolMin
orgASA_PMin	orgASA_PMin
orgpolarsurfaceareaMin	orgpolarsurfaceareaMin
orgavgpolArithAvg	orgavgpol算术平均
orgavgpolGeomAvg	orgavgpol几何平均
orgASA+GeomAvg	orgASA+几何平均
orgASA_HGeomAvg	orgASA_H几何平均
orgpolarsurfaceareaGeomAvg	orgpolarsurfacearea几何平均
EAMaxWeighted	电子亲和能MaxWeighted
PaulingElectronegMaxWeighted	Pauling电负性MaxWeighted
EAMinWeighted	EAMinWeighted
PearsonElectronegMinWeighted	Pearson电负性MinWeighted
hardnessMinWeighted	硬度MinWeighted
AtomicRadiusMinWeighted	原子半径MinWeighted
IonizationMeanWeighted	电离能MeanWeighted
hardnessMeanWeighted	硬度MeanWeighted
AtomicRadiusMeanWeighted	原子半径MeanWeighted
EAGeomWeighted	电子亲和能GeomWeighted
PaulingElectronegGeomWeighted	Pauling电负性GeomWeighted
AtomicRadiusGeomWeighted	原子半径GeomWeighted
Selected Features: 24 in 273.
Feature name	 Translation
orgavgpolMax	orgavgpolMax
orgpolarsurfaceareaMax	orgpolarsurfaceareaMax
orgrefractivityMin	orgrefractivityMin
orgmolpolMin	orgmolpolMin
orgASA_PMin	orgASA_PMin
orgpolarsurfaceareaMin	orgpolarsurfaceareaMin
orghbdamsaccMin	orghbdamsaccMin
orgavgpolArithAvg	orgavgpol算术平均
orgavgpolGeomAvg	orgavgpol几何平均
orgASA+GeomAvg	orgASA+几何平均
orgASA_HGeomAvg	orgASA_H几何平均
orgpolarsurfaceareaGeomAvg	orgpolarsurfacearea几何平均
EAMaxWeighted	电子亲和能MaxWeighted
PaulingElectronegMaxWeighted	Pauling电负性MaxWeighted
EAMinWeighted	EAMinWeighted
PearsonElectronegMinWeighted	Pearson电负性MinWeighted
hardnessMinWeighted	硬度MinWeighted
AtomicRadiusMinWeighted	原子半径MinWeighted
IonizationMeanWeighted	电离能MeanWeighted
hardnessMeanWeighted	硬度MeanWeighted
AtomicRadiusMeanWeighted	原子半径MeanWeighted
EAGeomWeighted	电子亲和能GeomWeighted
PaulingElectronegGeomWeighted	Pauling电负性GeomWeighted
AtomicRadiusGeomWeighted	原子半径GeomWeighted
Selected Features: 25 in 273.
Feature name	 Translation
orgavgpolMax	orgavgpolMax
orgpolarsurfaceareaMax	orgpolarsurfaceareaMax
orgrefractivityMin	orgrefractivityMin
orgmolpolMin	orgmolpolMin
orgASA_PMin	orgASA_PMin
orgpolarsurfaceareaMin	orgpolarsurfaceareaMin
orghbdamsaccMin	orghbdamsaccMin
orgavgpolArithAvg	orgavgpol算术平均
orgavgpolGeomAvg	orgavgpol几何平均
orgminimalprojectionareaGeomAvg	orgminimalprojectionarea几何平均
orgASA+GeomAvg	orgASA+几何平均
orgASA_HGeomAvg	orgASA_H几何平均
orgpolarsurfaceareaGeomAvg	orgpolarsurfacearea几何平均
EAMaxWeighted	电子亲和能MaxWeighted
PaulingElectronegMaxWeighted	Pauling电负性MaxWeighted
EAMinWeighted	EAMinWeighted
PearsonElectronegMinWeighted	Pearson电负性MinWeighted
hardnessMinWeighted	硬度MinWeighted
AtomicRadiusMinWeighted	原子半径MinWeighted
IonizationMeanWeighted	电离能MeanWeighted
hardnessMeanWeighted	硬度MeanWeighted
AtomicRadiusMeanWeighted	原子半径MeanWeighted
EAGeomWeighted	电子亲和能GeomWeighted
PaulingElectronegGeomWeighted	Pauling电负性GeomWeighted
AtomicRadiusGeomWeighted	原子半径GeomWeighted
Selected Features: 26 in 273.
Feature name	 Translation
orgavgpolMax	orgavgpolMax
orgpolarsurfaceareaMax	orgpolarsurfaceareaMax
orgrefractivityMin	orgrefractivityMin
orgmolpolMin	orgmolpolMin
orgASA_PMin	orgASA_PMin
orgpolarsurfaceareaMin	orgpolarsurfaceareaMin
orghbdamsaccMin	orghbdamsaccMin
orgavgpolArithAvg	orgavgpol算术平均
orgavgpolGeomAvg	orgavgpol几何平均
orgminimalprojectionareaGeomAvg	orgminimalprojectionarea几何平均
orgASA+GeomAvg	orgASA+几何平均
orgASA_HGeomAvg	orgASA_H几何平均
orgpolarsurfaceareaGeomAvg	orgpolarsurfacearea几何平均
EAMaxWeighted	电子亲和能MaxWeighted
PaulingElectronegMaxWeighted	Pauling电负性MaxWeighted
EAMinWeighted	EAMinWeighted
PearsonElectronegMinWeighted	Pearson电负性MinWeighted
hardnessMinWeighted	硬度MinWeighted
AtomicRadiusMinWeighted	原子半径MinWeighted
IonizationMeanWeighted	电离能MeanWeighted
PearsonElectronegMeanWeighted	Pearson电负性MeanWeighted
hardnessMeanWeighted	硬度MeanWeighted
AtomicRadiusMeanWeighted	原子半径MeanWeighted
EAGeomWeighted	电子亲和能GeomWeighted
PaulingElectronegGeomWeighted	Pauling电负性GeomWeighted
AtomicRadiusGeomWeighted	原子半径GeomWeighted
Selected Features: 27 in 273.
Feature name	 Translation
orgavgpolMax	orgavgpolMax
orgminimalprojectionsizeMax	orgminimalprojectionsizeMax
orgpolarsurfaceareaMax	orgpolarsurfaceareaMax
orgrefractivityMin	orgrefractivityMin
orgmolpolMin	orgmolpolMin
orgASA_PMin	orgASA_PMin
orgpolarsurfaceareaMin	orgpolarsurfaceareaMin
orghbdamsaccMin	orghbdamsaccMin
orgavgpolArithAvg	orgavgpol算术平均
orgavgpolGeomAvg	orgavgpol几何平均
orgminimalprojectionareaGeomAvg	orgminimalprojectionarea几何平均
orgASA+GeomAvg	orgASA+几何平均
orgASA_HGeomAvg	orgASA_H几何平均
orgpolarsurfaceareaGeomAvg	orgpolarsurfacearea几何平均
EAMaxWeighted	电子亲和能MaxWeighted
PaulingElectronegMaxWeighted	Pauling电负性MaxWeighted
EAMinWeighted	EAMinWeighted
PearsonElectronegMinWeighted	Pearson电负性MinWeighted
hardnessMinWeighted	硬度MinWeighted
AtomicRadiusMinWeighted	原子半径MinWeighted
IonizationMeanWeighted	电离能MeanWeighted
PearsonElectronegMeanWeighted	Pearson电负性MeanWeighted
hardnessMeanWeighted	硬度MeanWeighted
AtomicRadiusMeanWeighted	原子半径MeanWeighted
EAGeomWeighted	电子亲和能GeomWeighted
PaulingElectronegGeomWeighted	Pauling电负性GeomWeighted
AtomicRadiusGeomWeighted	原子半径GeomWeighted
Selected Features: 28 in 273.
Feature name	 Translation
orgavgpolMax	orgavgpolMax
orgminimalprojectionsizeMax	orgminimalprojectionsizeMax
orgpolarsurfaceareaMax	orgpolarsurfaceareaMax
orgrefractivityMin	orgrefractivityMin
orgminimalprojectionradiusMin	orgminimalprojectionradiusMin
orgmolpolMin	orgmolpolMin
orgASA_PMin	orgASA_PMin
orgpolarsurfaceareaMin	orgpolarsurfaceareaMin
orghbdamsaccMin	orghbdamsaccMin
orgavgpolArithAvg	orgavgpol算术平均
orgavgpolGeomAvg	orgavgpol几何平均
orgminimalprojectionareaGeomAvg	orgminimalprojectionarea几何平均
orgASA+GeomAvg	orgASA+几何平均
orgASA_HGeomAvg	orgASA_H几何平均
orgpolarsurfaceareaGeomAvg	orgpolarsurfacearea几何平均
EAMaxWeighted	电子亲和能MaxWeighted
PaulingElectronegMaxWeighted	Pauling电负性MaxWeighted
EAMinWeighted	EAMinWeighted
PearsonElectronegMinWeighted	Pearson电负性MinWeighted
hardnessMinWeighted	硬度MinWeighted
AtomicRadiusMinWeighted	原子半径MinWeighted
IonizationMeanWeighted	电离能MeanWeighted
PearsonElectronegMeanWeighted	Pearson电负性MeanWeighted
hardnessMeanWeighted	硬度MeanWeighted
AtomicRadiusMeanWeighted	原子半径MeanWeighted
EAGeomWeighted	电子亲和能GeomWeighted
PaulingElectronegGeomWeighted	Pauling电负性GeomWeighted
AtomicRadiusGeomWeighted	原子半径GeomWeighted
Selected Features: 29 in 273.
Feature name	 Translation
orgavgpolMax	orgavgpolMax
orgminimalprojectionsizeMax	orgminimalprojectionsizeMax
orgpolarsurfaceareaMax	orgpolarsurfaceareaMax
orgavgpolMin	orgavgpolMin
orgrefractivityMin	orgrefractivityMin
orgminimalprojectionradiusMin	orgminimalprojectionradiusMin
orgmolpolMin	orgmolpolMin
orgASA_PMin	orgASA_PMin
orgpolarsurfaceareaMin	orgpolarsurfaceareaMin
orghbdamsaccMin	orghbdamsaccMin
orgavgpolArithAvg	orgavgpol算术平均
orgavgpolGeomAvg	orgavgpol几何平均
orgminimalprojectionareaGeomAvg	orgminimalprojectionarea几何平均
orgASA+GeomAvg	orgASA+几何平均
orgASA_HGeomAvg	orgASA_H几何平均
orgpolarsurfaceareaGeomAvg	orgpolarsurfacearea几何平均
EAMaxWeighted	电子亲和能MaxWeighted
PaulingElectronegMaxWeighted	Pauling电负性MaxWeighted
EAMinWeighted	EAMinWeighted
PearsonElectronegMinWeighted	Pearson电负性MinWeighted
hardnessMinWeighted	硬度MinWeighted
AtomicRadiusMinWeighted	原子半径MinWeighted
IonizationMeanWeighted	电离能MeanWeighted
PearsonElectronegMeanWeighted	Pearson电负性MeanWeighted
hardnessMeanWeighted	硬度MeanWeighted
AtomicRadiusMeanWeighted	原子半径MeanWeighted
EAGeomWeighted	电子亲和能GeomWeighted
PaulingElectronegGeomWeighted	Pauling电负性GeomWeighted
AtomicRadiusGeomWeighted	原子半径GeomWeighted
Selected Features: 30 in 273.
Feature name	 Translation
orgavgpolMax	orgavgpolMax
orgminimalprojectionsizeMax	orgminimalprojectionsizeMax
orgpolarsurfaceareaMax	orgpolarsurfaceareaMax
orgavgpolMin	orgavgpolMin
orgrefractivityMin	orgrefractivityMin
orgminimalprojectionradiusMin	orgminimalprojectionradiusMin
orgmolpolMin	orgmolpolMin
orgASA_PMin	orgASA_PMin
orgpolarsurfaceareaMin	orgpolarsurfaceareaMin
orghbdamsaccMin	orghbdamsaccMin
orgavgpolArithAvg	orgavgpol算术平均
orgavgpolGeomAvg	orgavgpol几何平均
orgminimalprojectionareaGeomAvg	orgminimalprojectionarea几何平均
orgASA+GeomAvg	orgASA+几何平均
orgASA_HGeomAvg	orgASA_H几何平均
orgpolarsurfaceareaGeomAvg	orgpolarsurfacearea几何平均
EAMaxWeighted	电子亲和能MaxWeighted
PaulingElectronegMaxWeighted	Pauling电负性MaxWeighted
EAMinWeighted	EAMinWeighted
PearsonElectronegMinWeighted	Pearson电负性MinWeighted
hardnessMinWeighted	硬度MinWeighted
AtomicRadiusMinWeighted	原子半径MinWeighted
IonizationMeanWeighted	电离能MeanWeighted
PearsonElectronegMeanWeighted	Pearson电负性MeanWeighted
hardnessMeanWeighted	硬度MeanWeighted
AtomicRadiusMeanWeighted	原子半径MeanWeighted
EAGeomWeighted	电子亲和能GeomWeighted
PaulingElectronegGeomWeighted	Pauling电负性GeomWeighted
hardnessGeomWeighted	硬度GeomWeighted
AtomicRadiusGeomWeighted	原子半径GeomWeighted
Selected Features: 31 in 273.
Feature name	 Translation
orgavgpolMax	orgavgpolMax
orgminimalprojectionsizeMax	orgminimalprojectionsizeMax
orgASA_PMax	orgASA_PMax
orgpolarsurfaceareaMax	orgpolarsurfaceareaMax
orgavgpolMin	orgavgpolMin
orgrefractivityMin	orgrefractivityMin
orgminimalprojectionradiusMin	orgminimalprojectionradiusMin
orgmolpolMin	orgmolpolMin
orgASA_PMin	orgASA_PMin
orgpolarsurfaceareaMin	orgpolarsurfaceareaMin
orghbdamsaccMin	orghbdamsaccMin
orgavgpolArithAvg	orgavgpol算术平均
orgavgpolGeomAvg	orgavgpol几何平均
orgminimalprojectionareaGeomAvg	orgminimalprojectionarea几何平均
orgASA+GeomAvg	orgASA+几何平均
orgASA_HGeomAvg	orgASA_H几何平均
orgpolarsurfaceareaGeomAvg	orgpolarsurfacearea几何平均
EAMaxWeighted	电子亲和能MaxWeighted
PaulingElectronegMaxWeighted	Pauling电负性MaxWeighted
EAMinWeighted	EAMinWeighted
PearsonElectronegMinWeighted	Pearson电负性MinWeighted
hardnessMinWeighted	硬度MinWeighted
AtomicRadiusMinWeighted	原子半径MinWeighted
IonizationMeanWeighted	电离能MeanWeighted
PearsonElectronegMeanWeighted	Pearson电负性MeanWeighted
hardnessMeanWeighted	硬度MeanWeighted
AtomicRadiusMeanWeighted	原子半径MeanWeighted
EAGeomWeighted	电子亲和能GeomWeighted
PaulingElectronegGeomWeighted	Pauling电负性GeomWeighted
hardnessGeomWeighted	硬度GeomWeighted
AtomicRadiusGeomWeighted	原子半径GeomWeighted
Selected Features: 32 in 273.
Feature name	 Translation
orgavgpolMax	orgavgpolMax
orgminimalprojectionsizeMax	orgminimalprojectionsizeMax
orgASA_PMax	orgASA_PMax
orgpolarsurfaceareaMax	orgpolarsurfaceareaMax
orgavgpolMin	orgavgpolMin
orgrefractivityMin	orgrefractivityMin
orgminimalprojectionradiusMin	orgminimalprojectionradiusMin
orgmolpolMin	orgmolpolMin
orgASA_PMin	orgASA_PMin
orgpolarsurfaceareaMin	orgpolarsurfaceareaMin
orghbdamsaccMin	orghbdamsaccMin
orgavgpolArithAvg	orgavgpol算术平均
orgavgpolGeomAvg	orgavgpol几何平均
orgminimalprojectionareaGeomAvg	orgminimalprojectionarea几何平均
orgvanderwaalsGeomAvg	orgvanderwaals几何平均
orgASA+GeomAvg	orgASA+几何平均
orgASA_HGeomAvg	orgASA_H几何平均
orgpolarsurfaceareaGeomAvg	orgpolarsurfacearea几何平均
EAMaxWeighted	电子亲和能MaxWeighted
PaulingElectronegMaxWeighted	Pauling电负性MaxWeighted
EAMinWeighted	EAMinWeighted
PearsonElectronegMinWeighted	Pearson电负性MinWeighted
hardnessMinWeighted	硬度MinWeighted
AtomicRadiusMinWeighted	原子半径MinWeighted
IonizationMeanWeighted	电离能MeanWeighted
PearsonElectronegMeanWeighted	Pearson电负性MeanWeighted
hardnessMeanWeighted	硬度MeanWeighted
AtomicRadiusMeanWeighted	原子半径MeanWeighted
EAGeomWeighted	电子亲和能GeomWeighted
PaulingElectronegGeomWeighted	Pauling电负性GeomWeighted
hardnessGeomWeighted	硬度GeomWeighted
AtomicRadiusGeomWeighted	原子半径GeomWeighted
Selected Features: 33 in 273.
Feature name	 Translation
orgavgpolMax	orgavgpolMax
orgminimalprojectionsizeMax	orgminimalprojectionsizeMax
orgASA_PMax	orgASA_PMax
orgpolarsurfaceareaMax	orgpolarsurfaceareaMax
orgavgpolMin	orgavgpolMin
orgrefractivityMin	orgrefractivityMin
orgminimalprojectionradiusMin	orgminimalprojectionradiusMin
orgmolpolMin	orgmolpolMin
orgASA_PMin	orgASA_PMin
orgpolarsurfaceareaMin	orgpolarsurfaceareaMin
orghbdamsaccMin	orghbdamsaccMin
orgavgpolArithAvg	orgavgpol算术平均
orgavgpolGeomAvg	orgavgpol几何平均
orgminimalprojectionareaGeomAvg	orgminimalprojectionarea几何平均
orgvanderwaalsGeomAvg	orgvanderwaals几何平均
orgASAGeomAvg	orgASA几何平均
orgASA+GeomAvg	orgASA+几何平均
orgASA_HGeomAvg	orgASA_H几何平均
orgpolarsurfaceareaGeomAvg	orgpolarsurfacearea几何平均
EAMaxWeighted	电子亲和能MaxWeighted
PaulingElectronegMaxWeighted	Pauling电负性MaxWeighted
EAMinWeighted	EAMinWeighted
PearsonElectronegMinWeighted	Pearson电负性MinWeighted
hardnessMinWeighted	硬度MinWeighted
AtomicRadiusMinWeighted	原子半径MinWeighted
IonizationMeanWeighted	电离能MeanWeighted
PearsonElectronegMeanWeighted	Pearson电负性MeanWeighted
hardnessMeanWeighted	硬度MeanWeighted
AtomicRadiusMeanWeighted	原子半径MeanWeighted
EAGeomWeighted	电子亲和能GeomWeighted
PaulingElectronegGeomWeighted	Pauling电负性GeomWeighted
hardnessGeomWeighted	硬度GeomWeighted
AtomicRadiusGeomWeighted	原子半径GeomWeighted
Selected Features: 34 in 273.
Feature name	 Translation
orgavgpolMax	orgavgpolMax
orgminimalprojectionsizeMax	orgminimalprojectionsizeMax
orgASA_PMax	orgASA_PMax
orgpolarsurfaceareaMax	orgpolarsurfaceareaMax
orghbdamsaccMax	orghbdamsaccMax
orgavgpolMin	orgavgpolMin
orgrefractivityMin	orgrefractivityMin
orgminimalprojectionradiusMin	orgminimalprojectionradiusMin
orgmolpolMin	orgmolpolMin
orgASA_PMin	orgASA_PMin
orgpolarsurfaceareaMin	orgpolarsurfaceareaMin
orghbdamsaccMin	orghbdamsaccMin
orgavgpolArithAvg	orgavgpol算术平均
orgavgpolGeomAvg	orgavgpol几何平均
orgminimalprojectionareaGeomAvg	orgminimalprojectionarea几何平均
orgvanderwaalsGeomAvg	orgvanderwaals几何平均
orgASAGeomAvg	orgASA几何平均
orgASA+GeomAvg	orgASA+几何平均
orgASA_HGeomAvg	orgASA_H几何平均
orgpolarsurfaceareaGeomAvg	orgpolarsurfacearea几何平均
EAMaxWeighted	电子亲和能MaxWeighted
PaulingElectronegMaxWeighted	Pauling电负性MaxWeighted
EAMinWeighted	EAMinWeighted
PearsonElectronegMinWeighted	Pearson电负性MinWeighted
hardnessMinWeighted	硬度MinWeighted
AtomicRadiusMinWeighted	原子半径MinWeighted
IonizationMeanWeighted	电离能MeanWeighted
PearsonElectronegMeanWeighted	Pearson电负性MeanWeighted
hardnessMeanWeighted	硬度MeanWeighted
AtomicRadiusMeanWeighted	原子半径MeanWeighted
EAGeomWeighted	电子亲和能GeomWeighted
PaulingElectronegGeomWeighted	Pauling电负性GeomWeighted
hardnessGeomWeighted	硬度GeomWeighted
AtomicRadiusGeomWeighted	原子半径GeomWeighted
Selected Features: 35 in 273.
Feature name	 Translation
temp	温度
orgavgpolMax	orgavgpolMax
orgminimalprojectionsizeMax	orgminimalprojectionsizeMax
orgASA_PMax	orgASA_PMax
orgpolarsurfaceareaMax	orgpolarsurfaceareaMax
orghbdamsaccMax	orghbdamsaccMax
orgavgpolMin	orgavgpolMin
orgrefractivityMin	orgrefractivityMin
orgminimalprojectionradiusMin	orgminimalprojectionradiusMin
orgmolpolMin	orgmolpolMin
orgASA_PMin	orgASA_PMin
orgpolarsurfaceareaMin	orgpolarsurfaceareaMin
orghbdamsaccMin	orghbdamsaccMin
orgavgpolArithAvg	orgavgpol算术平均
orgavgpolGeomAvg	orgavgpol几何平均
orgminimalprojectionareaGeomAvg	orgminimalprojectionarea几何平均
orgvanderwaalsGeomAvg	orgvanderwaals几何平均
orgASAGeomAvg	orgASA几何平均
orgASA+GeomAvg	orgASA+几何平均
orgASA_HGeomAvg	orgASA_H几何平均
orgpolarsurfaceareaGeomAvg	orgpolarsurfacearea几何平均
EAMaxWeighted	电子亲和能MaxWeighted
PaulingElectronegMaxWeighted	Pauling电负性MaxWeighted
EAMinWeighted	EAMinWeighted
PearsonElectronegMinWeighted	Pearson电负性MinWeighted
hardnessMinWeighted	硬度MinWeighted
AtomicRadiusMinWeighted	原子半径MinWeighted
IonizationMeanWeighted	电离能MeanWeighted
PearsonElectronegMeanWeighted	Pearson电负性MeanWeighted
hardnessMeanWeighted	硬度MeanWeighted
AtomicRadiusMeanWeighted	原子半径MeanWeighted
EAGeomWeighted	电子亲和能GeomWeighted
PaulingElectronegGeomWeighted	Pauling电负性GeomWeighted
hardnessGeomWeighted	硬度GeomWeighted
AtomicRadiusGeomWeighted	原子半径GeomWeighted
Selected Features: 36 in 273.
Feature name	 Translation
temp	温度
time	反应时间
orgavgpolMax	orgavgpolMax
orgminimalprojectionsizeMax	orgminimalprojectionsizeMax
orgASA_PMax	orgASA_PMax
orgpolarsurfaceareaMax	orgpolarsurfaceareaMax
orghbdamsaccMax	orghbdamsaccMax
orgavgpolMin	orgavgpolMin
orgrefractivityMin	orgrefractivityMin
orgminimalprojectionradiusMin	orgminimalprojectionradiusMin
orgmolpolMin	orgmolpolMin
orgASA_PMin	orgASA_PMin
orgpolarsurfaceareaMin	orgpolarsurfaceareaMin
orghbdamsaccMin	orghbdamsaccMin
orgavgpolArithAvg	orgavgpol算术平均
orgavgpolGeomAvg	orgavgpol几何平均
orgminimalprojectionareaGeomAvg	orgminimalprojectionarea几何平均
orgvanderwaalsGeomAvg	orgvanderwaals几何平均
orgASAGeomAvg	orgASA几何平均
orgASA+GeomAvg	orgASA+几何平均
orgASA_HGeomAvg	orgASA_H几何平均
orgpolarsurfaceareaGeomAvg	orgpolarsurfacearea几何平均
EAMaxWeighted	电子亲和能MaxWeighted
PaulingElectronegMaxWeighted	Pauling电负性MaxWeighted
EAMinWeighted	EAMinWeighted
PearsonElectronegMinWeighted	Pearson电负性MinWeighted
hardnessMinWeighted	硬度MinWeighted
AtomicRadiusMinWeighted	原子半径MinWeighted
IonizationMeanWeighted	电离能MeanWeighted
PearsonElectronegMeanWeighted	Pearson电负性MeanWeighted
hardnessMeanWeighted	硬度MeanWeighted
AtomicRadiusMeanWeighted	原子半径MeanWeighted
EAGeomWeighted	电子亲和能GeomWeighted
PaulingElectronegGeomWeighted	Pauling电负性GeomWeighted
hardnessGeomWeighted	硬度GeomWeighted
AtomicRadiusGeomWeighted	原子半径GeomWeighted
Selected Features: 37 in 273.
Feature name	 Translation
temp	温度
time	反应时间
orgavgpolMax	orgavgpolMax
orgminimalprojectionsizeMax	orgminimalprojectionsizeMax
orgASA_PMax	orgASA_PMax
orgpolarsurfaceareaMax	orgpolarsurfaceareaMax
orghbdamsaccMax	orghbdamsaccMax
orgavgpolMin	orgavgpolMin
orgrefractivityMin	orgrefractivityMin
orgmaximalprojectionareaMin	orgmaximalprojectionareaMin
orgminimalprojectionradiusMin	orgminimalprojectionradiusMin
orgmolpolMin	orgmolpolMin
orgASA_PMin	orgASA_PMin
orgpolarsurfaceareaMin	orgpolarsurfaceareaMin
orghbdamsaccMin	orghbdamsaccMin
orgavgpolArithAvg	orgavgpol算术平均
orgavgpolGeomAvg	orgavgpol几何平均
orgminimalprojectionareaGeomAvg	orgminimalprojectionarea几何平均
orgvanderwaalsGeomAvg	orgvanderwaals几何平均
orgASAGeomAvg	orgASA几何平均
orgASA+GeomAvg	orgASA+几何平均
orgASA_HGeomAvg	orgASA_H几何平均
orgpolarsurfaceareaGeomAvg	orgpolarsurfacearea几何平均
EAMaxWeighted	电子亲和能MaxWeighted
PaulingElectronegMaxWeighted	Pauling电负性MaxWeighted
EAMinWeighted	EAMinWeighted
PearsonElectronegMinWeighted	Pearson电负性MinWeighted
hardnessMinWeighted	硬度MinWeighted
AtomicRadiusMinWeighted	原子半径MinWeighted
IonizationMeanWeighted	电离能MeanWeighted
PearsonElectronegMeanWeighted	Pearson电负性MeanWeighted
hardnessMeanWeighted	硬度MeanWeighted
AtomicRadiusMeanWeighted	原子半径MeanWeighted
EAGeomWeighted	电子亲和能GeomWeighted
PaulingElectronegGeomWeighted	Pauling电负性GeomWeighted
hardnessGeomWeighted	硬度GeomWeighted
AtomicRadiusGeomWeighted	原子半径GeomWeighted
Selected Features: 38 in 273.
Feature name	 Translation
temp	温度
time	反应时间
orgavgpolMax	orgavgpolMax
orgminimalprojectionsizeMax	orgminimalprojectionsizeMax
orgASA_PMax	orgASA_PMax
orgpolarsurfaceareaMax	orgpolarsurfaceareaMax
orghbdamsaccMax	orghbdamsaccMax
orgavgpolMin	orgavgpolMin
orgrefractivityMin	orgrefractivityMin
orgmaximalprojectionareaMin	orgmaximalprojectionareaMin
orgminimalprojectionradiusMin	orgminimalprojectionradiusMin
orgmolpolMin	orgmolpolMin
orgASA_PMin	orgASA_PMin
orgpolarsurfaceareaMin	orgpolarsurfaceareaMin
orghbdamsaccMin	orghbdamsaccMin
orgavgpolArithAvg	orgavgpol算术平均
orgavgpolGeomAvg	orgavgpol几何平均
orgmaximalprojectionradiusGeomAvg	orgmaximalprojectionradius几何平均
orgminimalprojectionareaGeomAvg	orgminimalprojectionarea几何平均
orgvanderwaalsGeomAvg	orgvanderwaals几何平均
orgASAGeomAvg	orgASA几何平均
orgASA+GeomAvg	orgASA+几何平均
orgASA_HGeomAvg	orgASA_H几何平均
orgpolarsurfaceareaGeomAvg	orgpolarsurfacearea几何平均
EAMaxWeighted	电子亲和能MaxWeighted
PaulingElectronegMaxWeighted	Pauling电负性MaxWeighted
EAMinWeighted	EAMinWeighted
PearsonElectronegMinWeighted	Pearson电负性MinWeighted
hardnessMinWeighted	硬度MinWeighted
AtomicRadiusMinWeighted	原子半径MinWeighted
IonizationMeanWeighted	电离能MeanWeighted
PearsonElectronegMeanWeighted	Pearson电负性MeanWeighted
hardnessMeanWeighted	硬度MeanWeighted
AtomicRadiusMeanWeighted	原子半径MeanWeighted
EAGeomWeighted	电子亲和能GeomWeighted
PaulingElectronegGeomWeighted	Pauling电负性GeomWeighted
hardnessGeomWeighted	硬度GeomWeighted
AtomicRadiusGeomWeighted	原子半径GeomWeighted
Selected Features: 39 in 273.
Feature name	 Translation
temp	温度
time	反应时间
orgavgpolMax	orgavgpolMax
orgrefractivityMax	orgrefractivityMax
orgminimalprojectionsizeMax	orgminimalprojectionsizeMax
orgASA_PMax	orgASA_PMax
orgpolarsurfaceareaMax	orgpolarsurfaceareaMax
orghbdamsaccMax	orghbdamsaccMax
orgavgpolMin	orgavgpolMin
orgrefractivityMin	orgrefractivityMin
orgmaximalprojectionareaMin	orgmaximalprojectionareaMin
orgminimalprojectionradiusMin	orgminimalprojectionradiusMin
orgmolpolMin	orgmolpolMin
orgASA_PMin	orgASA_PMin
orgpolarsurfaceareaMin	orgpolarsurfaceareaMin
orghbdamsaccMin	orghbdamsaccMin
orgavgpolArithAvg	orgavgpol算术平均
orgavgpolGeomAvg	orgavgpol几何平均
orgmaximalprojectionradiusGeomAvg	orgmaximalprojectionradius几何平均
orgminimalprojectionareaGeomAvg	orgminimalprojectionarea几何平均
orgvanderwaalsGeomAvg	orgvanderwaals几何平均
orgASAGeomAvg	orgASA几何平均
orgASA+GeomAvg	orgASA+几何平均
orgASA_HGeomAvg	orgASA_H几何平均
orgpolarsurfaceareaGeomAvg	orgpolarsurfacearea几何平均
EAMaxWeighted	电子亲和能MaxWeighted
PaulingElectronegMaxWeighted	Pauling电负性MaxWeighted
EAMinWeighted	EAMinWeighted
PearsonElectronegMinWeighted	Pearson电负性MinWeighted
hardnessMinWeighted	硬度MinWeighted
AtomicRadiusMinWeighted	原子半径MinWeighted
IonizationMeanWeighted	电离能MeanWeighted
PearsonElectronegMeanWeighted	Pearson电负性MeanWeighted
hardnessMeanWeighted	硬度MeanWeighted
AtomicRadiusMeanWeighted	原子半径MeanWeighted
EAGeomWeighted	电子亲和能GeomWeighted
PaulingElectronegGeomWeighted	Pauling电负性GeomWeighted
hardnessGeomWeighted	硬度GeomWeighted
AtomicRadiusGeomWeighted	原子半径GeomWeighted
Selected Features: 40 in 273.
Feature name	 Translation
temp	温度
time	反应时间
orgavgpolMax	orgavgpolMax
orgrefractivityMax	orgrefractivityMax
orgminimalprojectionsizeMax	orgminimalprojectionsizeMax
orgASA_PMax	orgASA_PMax
orgpolarsurfaceareaMax	orgpolarsurfaceareaMax
orghbdamsaccMax	orghbdamsaccMax
orgavgpolMin	orgavgpolMin
orgrefractivityMin	orgrefractivityMin
orgmaximalprojectionareaMin	orgmaximalprojectionareaMin
orgminimalprojectionradiusMin	orgminimalprojectionradiusMin
orgmolpolMin	orgmolpolMin
orgASA_PMin	orgASA_PMin
orgpolarsurfaceareaMin	orgpolarsurfaceareaMin
orghbdamsaccMin	orghbdamsaccMin
orgavgpolArithAvg	orgavgpol算术平均
orgminimalprojectionsizeArithAvg	orgminimalprojectionsize算术平均
orgavgpolGeomAvg	orgavgpol几何平均
orgmaximalprojectionradiusGeomAvg	orgmaximalprojectionradius几何平均
orgminimalprojectionareaGeomAvg	orgminimalprojectionarea几何平均
orgvanderwaalsGeomAvg	orgvanderwaals几何平均
orgASAGeomAvg	orgASA几何平均
orgASA+GeomAvg	orgASA+几何平均
orgASA_HGeomAvg	orgASA_H几何平均
orgpolarsurfaceareaGeomAvg	orgpolarsurfacearea几何平均
EAMaxWeighted	电子亲和能MaxWeighted
PaulingElectronegMaxWeighted	Pauling电负性MaxWeighted
EAMinWeighted	EAMinWeighted
PearsonElectronegMinWeighted	Pearson电负性MinWeighted
hardnessMinWeighted	硬度MinWeighted
AtomicRadiusMinWeighted	原子半径MinWeighted
IonizationMeanWeighted	电离能MeanWeighted
PearsonElectronegMeanWeighted	Pearson电负性MeanWeighted
hardnessMeanWeighted	硬度MeanWeighted
AtomicRadiusMeanWeighted	原子半径MeanWeighted
EAGeomWeighted	电子亲和能GeomWeighted
PaulingElectronegGeomWeighted	Pauling电负性GeomWeighted
hardnessGeomWeighted	硬度GeomWeighted
AtomicRadiusGeomWeighted	原子半径GeomWeighted
Selected Features: 41 in 273.
Feature name	 Translation
temp	温度
time	反应时间
orgavgpolMax	orgavgpolMax
orgrefractivityMax	orgrefractivityMax
orgminimalprojectionsizeMax	orgminimalprojectionsizeMax
orgASA_PMax	orgASA_PMax
orgpolarsurfaceareaMax	orgpolarsurfaceareaMax
orghbdamsaccMax	orghbdamsaccMax
orgavgpolMin	orgavgpolMin
orgrefractivityMin	orgrefractivityMin
orgmaximalprojectionareaMin	orgmaximalprojectionareaMin
orgminimalprojectionradiusMin	orgminimalprojectionradiusMin
orgmolpolMin	orgmolpolMin
orgASA_PMin	orgASA_PMin
orgpolarsurfaceareaMin	orgpolarsurfaceareaMin
orghbdamsaccMin	orghbdamsaccMin
orgavgpolArithAvg	orgavgpol算术平均
orgmaximalprojectionareaArithAvg	orgmaximalprojectionarea算术平均
orgminimalprojectionsizeArithAvg	orgminimalprojectionsize算术平均
orgavgpolGeomAvg	orgavgpol几何平均
orgmaximalprojectionradiusGeomAvg	orgmaximalprojectionradius几何平均
orgminimalprojectionareaGeomAvg	orgminimalprojectionarea几何平均
orgvanderwaalsGeomAvg	orgvanderwaals几何平均
orgASAGeomAvg	orgASA几何平均
orgASA+GeomAvg	orgASA+几何平均
orgASA_HGeomAvg	orgASA_H几何平均
orgpolarsurfaceareaGeomAvg	orgpolarsurfacearea几何平均
EAMaxWeighted	电子亲和能MaxWeighted
PaulingElectronegMaxWeighted	Pauling电负性MaxWeighted
EAMinWeighted	EAMinWeighted
PearsonElectronegMinWeighted	Pearson电负性MinWeighted
hardnessMinWeighted	硬度MinWeighted
AtomicRadiusMinWeighted	原子半径MinWeighted
IonizationMeanWeighted	电离能MeanWeighted
PearsonElectronegMeanWeighted	Pearson电负性MeanWeighted
hardnessMeanWeighted	硬度MeanWeighted
AtomicRadiusMeanWeighted	原子半径MeanWeighted
EAGeomWeighted	电子亲和能GeomWeighted
PaulingElectronegGeomWeighted	Pauling电负性GeomWeighted
hardnessGeomWeighted	硬度GeomWeighted
AtomicRadiusGeomWeighted	原子半径GeomWeighted
Selected Features: 42 in 273.
Feature name	 Translation
temp	温度
time	反应时间
orgavgpolMax	orgavgpolMax
orgrefractivityMax	orgrefractivityMax
orgminimalprojectionsizeMax	orgminimalprojectionsizeMax
orgASA_PMax	orgASA_PMax
orgpolarsurfaceareaMax	orgpolarsurfaceareaMax
orghbdamsaccMax	orghbdamsaccMax
orgavgpolMin	orgavgpolMin
orgrefractivityMin	orgrefractivityMin
orgmaximalprojectionareaMin	orgmaximalprojectionareaMin
orgminimalprojectionradiusMin	orgminimalprojectionradiusMin
orgavgpol_pHdependentMin	orgavgpol_pHdependentMin
orgmolpolMin	orgmolpolMin
orgASA_PMin	orgASA_PMin
orgpolarsurfaceareaMin	orgpolarsurfaceareaMin
orghbdamsaccMin	orghbdamsaccMin
orgavgpolArithAvg	orgavgpol算术平均
orgmaximalprojectionareaArithAvg	orgmaximalprojectionarea算术平均
orgminimalprojectionsizeArithAvg	orgminimalprojectionsize算术平均
orgavgpolGeomAvg	orgavgpol几何平均
orgmaximalprojectionradiusGeomAvg	orgmaximalprojectionradius几何平均
orgminimalprojectionareaGeomAvg	orgminimalprojectionarea几何平均
orgvanderwaalsGeomAvg	orgvanderwaals几何平均
orgASAGeomAvg	orgASA几何平均
orgASA+GeomAvg	orgASA+几何平均
orgASA_HGeomAvg	orgASA_H几何平均
orgpolarsurfaceareaGeomAvg	orgpolarsurfacearea几何平均
EAMaxWeighted	电子亲和能MaxWeighted
PaulingElectronegMaxWeighted	Pauling电负性MaxWeighted
EAMinWeighted	EAMinWeighted
PearsonElectronegMinWeighted	Pearson电负性MinWeighted
hardnessMinWeighted	硬度MinWeighted
AtomicRadiusMinWeighted	原子半径MinWeighted
IonizationMeanWeighted	电离能MeanWeighted
PearsonElectronegMeanWeighted	Pearson电负性MeanWeighted
hardnessMeanWeighted	硬度MeanWeighted
AtomicRadiusMeanWeighted	原子半径MeanWeighted
EAGeomWeighted	电子亲和能GeomWeighted
PaulingElectronegGeomWeighted	Pauling电负性GeomWeighted
hardnessGeomWeighted	硬度GeomWeighted
AtomicRadiusGeomWeighted	原子半径GeomWeighted
Selected Features: 43 in 273.
Feature name	 Translation
temp	温度
time	反应时间
orgavgpolMax	orgavgpolMax
orgrefractivityMax	orgrefractivityMax
orgminimalprojectionsizeMax	orgminimalprojectionsizeMax
orgASA_PMax	orgASA_PMax
orgpolarsurfaceareaMax	orgpolarsurfaceareaMax
orghbdamsaccMax	orghbdamsaccMax
orgavgpolMin	orgavgpolMin
orgrefractivityMin	orgrefractivityMin
orgmaximalprojectionareaMin	orgmaximalprojectionareaMin
orgmaximalprojectionradiusMin	orgmaximalprojectionradiusMin
orgminimalprojectionradiusMin	orgminimalprojectionradiusMin
orgavgpol_pHdependentMin	orgavgpol_pHdependentMin
orgmolpolMin	orgmolpolMin
orgASA_PMin	orgASA_PMin
orgpolarsurfaceareaMin	orgpolarsurfaceareaMin
orghbdamsaccMin	orghbdamsaccMin
orgavgpolArithAvg	orgavgpol算术平均
orgmaximalprojectionareaArithAvg	orgmaximalprojectionarea算术平均
orgminimalprojectionsizeArithAvg	orgminimalprojectionsize算术平均
orgavgpolGeomAvg	orgavgpol几何平均
orgmaximalprojectionradiusGeomAvg	orgmaximalprojectionradius几何平均
orgminimalprojectionareaGeomAvg	orgminimalprojectionarea几何平均
orgvanderwaalsGeomAvg	orgvanderwaals几何平均
orgASAGeomAvg	orgASA几何平均
orgASA+GeomAvg	orgASA+几何平均
orgASA_HGeomAvg	orgASA_H几何平均
orgpolarsurfaceareaGeomAvg	orgpolarsurfacearea几何平均
EAMaxWeighted	电子亲和能MaxWeighted
PaulingElectronegMaxWeighted	Pauling电负性MaxWeighted
EAMinWeighted	EAMinWeighted
PearsonElectronegMinWeighted	Pearson电负性MinWeighted
hardnessMinWeighted	硬度MinWeighted
AtomicRadiusMinWeighted	原子半径MinWeighted
IonizationMeanWeighted	电离能MeanWeighted
PearsonElectronegMeanWeighted	Pearson电负性MeanWeighted
hardnessMeanWeighted	硬度MeanWeighted
AtomicRadiusMeanWeighted	原子半径MeanWeighted
EAGeomWeighted	电子亲和能GeomWeighted
PaulingElectronegGeomWeighted	Pauling电负性GeomWeighted
hardnessGeomWeighted	硬度GeomWeighted
AtomicRadiusGeomWeighted	原子半径GeomWeighted
Selected Features: 44 in 273.
Feature name	 Translation
temp	温度
time	反应时间
orgavgpolMax	orgavgpolMax
orgrefractivityMax	orgrefractivityMax
orgminimalprojectionsizeMax	orgminimalprojectionsizeMax
orgASA_PMax	orgASA_PMax
orgpolarsurfaceareaMax	orgpolarsurfaceareaMax
orghbdamsaccMax	orghbdamsaccMax
orgavgpolMin	orgavgpolMin
orgrefractivityMin	orgrefractivityMin
orgmaximalprojectionareaMin	orgmaximalprojectionareaMin
orgmaximalprojectionradiusMin	orgmaximalprojectionradiusMin
orgminimalprojectionradiusMin	orgminimalprojectionradiusMin
orgavgpol_pHdependentMin	orgavgpol_pHdependentMin
orgmolpolMin	orgmolpolMin
orgASA-Min	orgASA-Min
orgASA_PMin	orgASA_PMin
orgpolarsurfaceareaMin	orgpolarsurfaceareaMin
orghbdamsaccMin	orghbdamsaccMin
orgavgpolArithAvg	orgavgpol算术平均
orgmaximalprojectionareaArithAvg	orgmaximalprojectionarea算术平均
orgminimalprojectionsizeArithAvg	orgminimalprojectionsize算术平均
orgavgpolGeomAvg	orgavgpol几何平均
orgmaximalprojectionradiusGeomAvg	orgmaximalprojectionradius几何平均
orgminimalprojectionareaGeomAvg	orgminimalprojectionarea几何平均
orgvanderwaalsGeomAvg	orgvanderwaals几何平均
orgASAGeomAvg	orgASA几何平均
orgASA+GeomAvg	orgASA+几何平均
orgASA_HGeomAvg	orgASA_H几何平均
orgpolarsurfaceareaGeomAvg	orgpolarsurfacearea几何平均
EAMaxWeighted	电子亲和能MaxWeighted
PaulingElectronegMaxWeighted	Pauling电负性MaxWeighted
EAMinWeighted	EAMinWeighted
PearsonElectronegMinWeighted	Pearson电负性MinWeighted
hardnessMinWeighted	硬度MinWeighted
AtomicRadiusMinWeighted	原子半径MinWeighted
IonizationMeanWeighted	电离能MeanWeighted
PearsonElectronegMeanWeighted	Pearson电负性MeanWeighted
hardnessMeanWeighted	硬度MeanWeighted
AtomicRadiusMeanWeighted	原子半径MeanWeighted
EAGeomWeighted	电子亲和能GeomWeighted
PaulingElectronegGeomWeighted	Pauling电负性GeomWeighted
hardnessGeomWeighted	硬度GeomWeighted
AtomicRadiusGeomWeighted	原子半径GeomWeighted
Selected Features: 45 in 273.
Feature name	 Translation
temp	温度
time	反应时间
orgavgpolMax	orgavgpolMax
orgrefractivityMax	orgrefractivityMax
orgminimalprojectionareaMax	orgminimalprojectionareaMax
orgminimalprojectionsizeMax	orgminimalprojectionsizeMax
orgASA_PMax	orgASA_PMax
orgpolarsurfaceareaMax	orgpolarsurfaceareaMax
orghbdamsaccMax	orghbdamsaccMax
orgavgpolMin	orgavgpolMin
orgrefractivityMin	orgrefractivityMin
orgmaximalprojectionareaMin	orgmaximalprojectionareaMin
orgmaximalprojectionradiusMin	orgmaximalprojectionradiusMin
orgminimalprojectionradiusMin	orgminimalprojectionradiusMin
orgavgpol_pHdependentMin	orgavgpol_pHdependentMin
orgmolpolMin	orgmolpolMin
orgASA-Min	orgASA-Min
orgASA_PMin	orgASA_PMin
orgpolarsurfaceareaMin	orgpolarsurfaceareaMin
orghbdamsaccMin	orghbdamsaccMin
orgavgpolArithAvg	orgavgpol算术平均
orgmaximalprojectionareaArithAvg	orgmaximalprojectionarea算术平均
orgminimalprojectionsizeArithAvg	orgminimalprojectionsize算术平均
orgavgpolGeomAvg	orgavgpol几何平均
orgmaximalprojectionradiusGeomAvg	orgmaximalprojectionradius几何平均
orgminimalprojectionareaGeomAvg	orgminimalprojectionarea几何平均
orgvanderwaalsGeomAvg	orgvanderwaals几何平均
orgASAGeomAvg	orgASA几何平均
orgASA+GeomAvg	orgASA+几何平均
orgASA_HGeomAvg	orgASA_H几何平均
orgpolarsurfaceareaGeomAvg	orgpolarsurfacearea几何平均
EAMaxWeighted	电子亲和能MaxWeighted
PaulingElectronegMaxWeighted	Pauling电负性MaxWeighted
EAMinWeighted	EAMinWeighted
PearsonElectronegMinWeighted	Pearson电负性MinWeighted
hardnessMinWeighted	硬度MinWeighted
AtomicRadiusMinWeighted	原子半径MinWeighted
IonizationMeanWeighted	电离能MeanWeighted
PearsonElectronegMeanWeighted	Pearson电负性MeanWeighted
hardnessMeanWeighted	硬度MeanWeighted
AtomicRadiusMeanWeighted	原子半径MeanWeighted
EAGeomWeighted	电子亲和能GeomWeighted
PaulingElectronegGeomWeighted	Pauling电负性GeomWeighted
hardnessGeomWeighted	硬度GeomWeighted
AtomicRadiusGeomWeighted	原子半径GeomWeighted
Selected Features: 46 in 273.
Feature name	 Translation
temp	温度
time	反应时间
orgavgpolMax	orgavgpolMax
orgrefractivityMax	orgrefractivityMax
orgminimalprojectionareaMax	orgminimalprojectionareaMax
orgminimalprojectionsizeMax	orgminimalprojectionsizeMax
orgASA_PMax	orgASA_PMax
orgpolarsurfaceareaMax	orgpolarsurfaceareaMax
orghbdamsaccMax	orghbdamsaccMax
orgavgpolMin	orgavgpolMin
orgrefractivityMin	orgrefractivityMin
orgmaximalprojectionareaMin	orgmaximalprojectionareaMin
orgmaximalprojectionradiusMin	orgmaximalprojectionradiusMin
orgminimalprojectionradiusMin	orgminimalprojectionradiusMin
orgavgpol_pHdependentMin	orgavgpol_pHdependentMin
orgmolpolMin	orgmolpolMin
orgASA-Min	orgASA-Min
orgASA_PMin	orgASA_PMin
orgpolarsurfaceareaMin	orgpolarsurfaceareaMin
orghbdamsaccMin	orghbdamsaccMin
orgavgpolArithAvg	orgavgpol算术平均
orgmaximalprojectionareaArithAvg	orgmaximalprojectionarea算术平均
orgminimalprojectionsizeArithAvg	orgminimalprojectionsize算术平均
orgavgpol_pHdependentArithAvg	orgavgpol_pHdependent算术平均
orgavgpolGeomAvg	orgavgpol几何平均
orgmaximalprojectionradiusGeomAvg	orgmaximalprojectionradius几何平均
orgminimalprojectionareaGeomAvg	orgminimalprojectionarea几何平均
orgvanderwaalsGeomAvg	orgvanderwaals几何平均
orgASAGeomAvg	orgASA几何平均
orgASA+GeomAvg	orgASA+几何平均
orgASA_HGeomAvg	orgASA_H几何平均
orgpolarsurfaceareaGeomAvg	orgpolarsurfacearea几何平均
EAMaxWeighted	电子亲和能MaxWeighted
PaulingElectronegMaxWeighted	Pauling电负性MaxWeighted
EAMinWeighted	EAMinWeighted
PearsonElectronegMinWeighted	Pearson电负性MinWeighted
hardnessMinWeighted	硬度MinWeighted
AtomicRadiusMinWeighted	原子半径MinWeighted
IonizationMeanWeighted	电离能MeanWeighted
PearsonElectronegMeanWeighted	Pearson电负性MeanWeighted
hardnessMeanWeighted	硬度MeanWeighted
AtomicRadiusMeanWeighted	原子半径MeanWeighted
EAGeomWeighted	电子亲和能GeomWeighted
PaulingElectronegGeomWeighted	Pauling电负性GeomWeighted
hardnessGeomWeighted	硬度GeomWeighted
AtomicRadiusGeomWeighted	原子半径GeomWeighted
Selected Features: 47 in 273.
Feature name	 Translation
temp	温度
time	反应时间
orgavgpolMax	orgavgpolMax
orgrefractivityMax	orgrefractivityMax
orgminimalprojectionareaMax	orgminimalprojectionareaMax
orgminimalprojectionsizeMax	orgminimalprojectionsizeMax
orgASA_PMax	orgASA_PMax
orgpolarsurfaceareaMax	orgpolarsurfaceareaMax
orghbdamsaccMax	orghbdamsaccMax
orgavgpolMin	orgavgpolMin
orgrefractivityMin	orgrefractivityMin
orgmaximalprojectionareaMin	orgmaximalprojectionareaMin
orgmaximalprojectionradiusMin	orgmaximalprojectionradiusMin
orgminimalprojectionradiusMin	orgminimalprojectionradiusMin
orgavgpol_pHdependentMin	orgavgpol_pHdependentMin
orgmolpolMin	orgmolpolMin
orgASA-Min	orgASA-Min
orgASA_PMin	orgASA_PMin
orgpolarsurfaceareaMin	orgpolarsurfaceareaMin
orghbdamsaccMin	orghbdamsaccMin
orgavgpolArithAvg	orgavgpol算术平均
orgmaximalprojectionareaArithAvg	orgmaximalprojectionarea算术平均
orgminimalprojectionsizeArithAvg	orgminimalprojectionsize算术平均
orgavgpol_pHdependentArithAvg	orgavgpol_pHdependent算术平均
orgmolpolArithAvg	orgmolpol算术平均
orgavgpolGeomAvg	orgavgpol几何平均
orgmaximalprojectionradiusGeomAvg	orgmaximalprojectionradius几何平均
orgminimalprojectionareaGeomAvg	orgminimalprojectionarea几何平均
orgvanderwaalsGeomAvg	orgvanderwaals几何平均
orgASAGeomAvg	orgASA几何平均
orgASA+GeomAvg	orgASA+几何平均
orgASA_HGeomAvg	orgASA_H几何平均
orgpolarsurfaceareaGeomAvg	orgpolarsurfacearea几何平均
EAMaxWeighted	电子亲和能MaxWeighted
PaulingElectronegMaxWeighted	Pauling电负性MaxWeighted
EAMinWeighted	EAMinWeighted
PearsonElectronegMinWeighted	Pearson电负性MinWeighted
hardnessMinWeighted	硬度MinWeighted
AtomicRadiusMinWeighted	原子半径MinWeighted
IonizationMeanWeighted	电离能MeanWeighted
PearsonElectronegMeanWeighted	Pearson电负性MeanWeighted
hardnessMeanWeighted	硬度MeanWeighted
AtomicRadiusMeanWeighted	原子半径MeanWeighted
EAGeomWeighted	电子亲和能GeomWeighted
PaulingElectronegGeomWeighted	Pauling电负性GeomWeighted
hardnessGeomWeighted	硬度GeomWeighted
AtomicRadiusGeomWeighted	原子半径GeomWeighted
Selected Features: 48 in 273.
Feature name	 Translation
temp	温度
time	反应时间
leak	产物泄露
orgavgpolMax	orgavgpolMax
orgrefractivityMax	orgrefractivityMax
orgminimalprojectionareaMax	orgminimalprojectionareaMax
orgminimalprojectionsizeMax	orgminimalprojectionsizeMax
orgASA_PMax	orgASA_PMax
orgpolarsurfaceareaMax	orgpolarsurfaceareaMax
orghbdamsaccMax	orghbdamsaccMax
orgavgpolMin	orgavgpolMin
orgrefractivityMin	orgrefractivityMin
orgmaximalprojectionareaMin	orgmaximalprojectionareaMin
orgmaximalprojectionradiusMin	orgmaximalprojectionradiusMin
orgminimalprojectionradiusMin	orgminimalprojectionradiusMin
orgavgpol_pHdependentMin	orgavgpol_pHdependentMin
orgmolpolMin	orgmolpolMin
orgASA-Min	orgASA-Min
orgASA_PMin	orgASA_PMin
orgpolarsurfaceareaMin	orgpolarsurfaceareaMin
orghbdamsaccMin	orghbdamsaccMin
orgavgpolArithAvg	orgavgpol算术平均
orgmaximalprojectionareaArithAvg	orgmaximalprojectionarea算术平均
orgminimalprojectionsizeArithAvg	orgminimalprojectionsize算术平均
orgavgpol_pHdependentArithAvg	orgavgpol_pHdependent算术平均
orgmolpolArithAvg	orgmolpol算术平均
orgavgpolGeomAvg	orgavgpol几何平均
orgmaximalprojectionradiusGeomAvg	orgmaximalprojectionradius几何平均
orgminimalprojectionareaGeomAvg	orgminimalprojectionarea几何平均
orgvanderwaalsGeomAvg	orgvanderwaals几何平均
orgASAGeomAvg	orgASA几何平均
orgASA+GeomAvg	orgASA+几何平均
orgASA_HGeomAvg	orgASA_H几何平均
orgpolarsurfaceareaGeomAvg	orgpolarsurfacearea几何平均
EAMaxWeighted	电子亲和能MaxWeighted
PaulingElectronegMaxWeighted	Pauling电负性MaxWeighted
EAMinWeighted	EAMinWeighted
PearsonElectronegMinWeighted	Pearson电负性MinWeighted
hardnessMinWeighted	硬度MinWeighted
AtomicRadiusMinWeighted	原子半径MinWeighted
IonizationMeanWeighted	电离能MeanWeighted
PearsonElectronegMeanWeighted	Pearson电负性MeanWeighted
hardnessMeanWeighted	硬度MeanWeighted
AtomicRadiusMeanWeighted	原子半径MeanWeighted
EAGeomWeighted	电子亲和能GeomWeighted
PaulingElectronegGeomWeighted	Pauling电负性GeomWeighted
hardnessGeomWeighted	硬度GeomWeighted
AtomicRadiusGeomWeighted	原子半径GeomWeighted
Selected Features: 49 in 273.
Feature name	 Translation
temp	温度
time	反应时间
leak	产物泄露
orgavgpolMax	orgavgpolMax
orgrefractivityMax	orgrefractivityMax
orgminimalprojectionareaMax	orgminimalprojectionareaMax
orgminimalprojectionsizeMax	orgminimalprojectionsizeMax
orgASA_PMax	orgASA_PMax
orgpolarsurfaceareaMax	orgpolarsurfaceareaMax
orghbdamsaccMax	orghbdamsaccMax
orgavgpolMin	orgavgpolMin
orgrefractivityMin	orgrefractivityMin
orgmaximalprojectionareaMin	orgmaximalprojectionareaMin
orgmaximalprojectionradiusMin	orgmaximalprojectionradiusMin
orgminimalprojectionradiusMin	orgminimalprojectionradiusMin
orgavgpol_pHdependentMin	orgavgpol_pHdependentMin
orgmolpolMin	orgmolpolMin
orgASA-Min	orgASA-Min
orgASA_HMin	orgASA_HMin
orgASA_PMin	orgASA_PMin
orgpolarsurfaceareaMin	orgpolarsurfaceareaMin
orghbdamsaccMin	orghbdamsaccMin
orgavgpolArithAvg	orgavgpol算术平均
orgmaximalprojectionareaArithAvg	orgmaximalprojectionarea算术平均
orgminimalprojectionsizeArithAvg	orgminimalprojectionsize算术平均
orgavgpol_pHdependentArithAvg	orgavgpol_pHdependent算术平均
orgmolpolArithAvg	orgmolpol算术平均
orgavgpolGeomAvg	orgavgpol几何平均
orgmaximalprojectionradiusGeomAvg	orgmaximalprojectionradius几何平均
orgminimalprojectionareaGeomAvg	orgminimalprojectionarea几何平均
orgvanderwaalsGeomAvg	orgvanderwaals几何平均
orgASAGeomAvg	orgASA几何平均
orgASA+GeomAvg	orgASA+几何平均
orgASA_HGeomAvg	orgASA_H几何平均
orgpolarsurfaceareaGeomAvg	orgpolarsurfacearea几何平均
EAMaxWeighted	电子亲和能MaxWeighted
PaulingElectronegMaxWeighted	Pauling电负性MaxWeighted
EAMinWeighted	EAMinWeighted
PearsonElectronegMinWeighted	Pearson电负性MinWeighted
hardnessMinWeighted	硬度MinWeighted
AtomicRadiusMinWeighted	原子半径MinWeighted
IonizationMeanWeighted	电离能MeanWeighted
PearsonElectronegMeanWeighted	Pearson电负性MeanWeighted
hardnessMeanWeighted	硬度MeanWeighted
AtomicRadiusMeanWeighted	原子半径MeanWeighted
EAGeomWeighted	电子亲和能GeomWeighted
PaulingElectronegGeomWeighted	Pauling电负性GeomWeighted
hardnessGeomWeighted	硬度GeomWeighted
AtomicRadiusGeomWeighted	原子半径GeomWeighted
Selected Features: 50 in 273.
Feature name	 Translation
temp	温度
time	反应时间
leak	产物泄露
orgavgpolMax	orgavgpolMax
orgrefractivityMax	orgrefractivityMax
orgmaximalprojectionareaMax	orgmaximalprojectionareaMax
orgminimalprojectionareaMax	orgminimalprojectionareaMax
orgminimalprojectionsizeMax	orgminimalprojectionsizeMax
orgASA_PMax	orgASA_PMax
orgpolarsurfaceareaMax	orgpolarsurfaceareaMax
orghbdamsaccMax	orghbdamsaccMax
orgavgpolMin	orgavgpolMin
orgrefractivityMin	orgrefractivityMin
orgmaximalprojectionareaMin	orgmaximalprojectionareaMin
orgmaximalprojectionradiusMin	orgmaximalprojectionradiusMin
orgminimalprojectionradiusMin	orgminimalprojectionradiusMin
orgavgpol_pHdependentMin	orgavgpol_pHdependentMin
orgmolpolMin	orgmolpolMin
orgASA-Min	orgASA-Min
orgASA_HMin	orgASA_HMin
orgASA_PMin	orgASA_PMin
orgpolarsurfaceareaMin	orgpolarsurfaceareaMin
orghbdamsaccMin	orghbdamsaccMin
orgavgpolArithAvg	orgavgpol算术平均
orgmaximalprojectionareaArithAvg	orgmaximalprojectionarea算术平均
orgminimalprojectionsizeArithAvg	orgminimalprojectionsize算术平均
orgavgpol_pHdependentArithAvg	orgavgpol_pHdependent算术平均
orgmolpolArithAvg	orgmolpol算术平均
orgavgpolGeomAvg	orgavgpol几何平均
orgmaximalprojectionradiusGeomAvg	orgmaximalprojectionradius几何平均
orgminimalprojectionareaGeomAvg	orgminimalprojectionarea几何平均
orgvanderwaalsGeomAvg	orgvanderwaals几何平均
orgASAGeomAvg	orgASA几何平均
orgASA+GeomAvg	orgASA+几何平均
orgASA_HGeomAvg	orgASA_H几何平均
orgpolarsurfaceareaGeomAvg	orgpolarsurfacearea几何平均
EAMaxWeighted	电子亲和能MaxWeighted
PaulingElectronegMaxWeighted	Pauling电负性MaxWeighted
EAMinWeighted	EAMinWeighted
PearsonElectronegMinWeighted	Pearson电负性MinWeighted
hardnessMinWeighted	硬度MinWeighted
AtomicRadiusMinWeighted	原子半径MinWeighted
IonizationMeanWeighted	电离能MeanWeighted
PearsonElectronegMeanWeighted	Pearson电负性MeanWeighted
hardnessMeanWeighted	硬度MeanWeighted
AtomicRadiusMeanWeighted	原子半径MeanWeighted
EAGeomWeighted	电子亲和能GeomWeighted
PaulingElectronegGeomWeighted	Pauling电负性GeomWeighted
hardnessGeomWeighted	硬度GeomWeighted
AtomicRadiusGeomWeighted	原子半径GeomWeighted
