Selected Features: 1 in 273.
Feature name	 Translation
time	反应时间
Selected Features: 2 in 273.
Feature name	 Translation
time	反应时间
hardnessMinWeighted	硬度MinWeighted
Selected Features: 3 in 273.
Feature name	 Translation
time	反应时间
org-water-moleratio	有机相-水摩尔比
hardnessMinWeighted	硬度MinWeighted
Selected Features: 4 in 273.
Feature name	 Translation
time	反应时间
inorg-water-moleratio	无机相-水摩尔比
notwater-water-moleratio	非水-水摩尔比
PearsonElectronegMinWeighted	Pearson电负性MinWeighted
Selected Features: 5 in 273.
Feature name	 Translation
time	反应时间
org-water-moleratio	有机相-水摩尔比
notwater-water-moleratio	非水-水摩尔比
IonizationMinWeighted	电离能MinWeighted
AtomicRadiusMinWeighted	原子半径MinWeighted
Selected Features: 6 in 273.
Feature name	 Translation
time	反应时间
inorg-water-moleratio	无机相-水摩尔比
inorg-org-moleratio	无机-有机相摩尔比
notwater-water-moleratio	非水-水摩尔比
IonizationMinWeighted	电离能MinWeighted
hardnessMinWeighted	硬度MinWeighted
Selected Features: 7 in 273.
Feature name	 Translation
time	反应时间
inorg-water-moleratio	无机相-水摩尔比
org-water-moleratio	有机相-水摩尔比
inorg-org-moleratio	无机-有机相摩尔比
notwater-water-moleratio	非水-水摩尔比
PearsonElectronegMinWeighted	Pearson电负性MinWeighted
hardnessMinWeighted	硬度MinWeighted
Selected Features: 8 in 273.
Feature name	 Translation
time	反应时间
inorg-water-moleratio	无机相-水摩尔比
org-water-moleratio	有机相-水摩尔比
inorg-org-moleratio	无机-有机相摩尔比
notwater-water-moleratio	非水-水摩尔比
EAMinWeighted	EAMinWeighted
PearsonElectronegMinWeighted	Pearson电负性MinWeighted
AtomicRadiusMinWeighted	原子半径MinWeighted
Selected Features: 9 in 273.
Feature name	 Translation
time	反应时间
org-water-moleratio	有机相-水摩尔比
inorg-org-moleratio	无机-有机相摩尔比
notwater-water-moleratio	非水-水摩尔比
IonizationMinWeighted	电离能MinWeighted
EAMinWeighted	EAMinWeighted
PearsonElectronegMinWeighted	Pearson电负性MinWeighted
hardnessMinWeighted	硬度MinWeighted
AtomicRadiusMinWeighted	原子半径MinWeighted
Selected Features: 10 in 273.
Feature name	 Translation
time	反应时间
inorg-water-moleratio	无机相-水摩尔比
org-water-moleratio	有机相-水摩尔比
orgdon-wateraccratio	orgdon-wateraccratio
inorg-org-moleratio	无机-有机相摩尔比
notwater-water-moleratio	非水-水摩尔比
IonizationMinWeighted	电离能MinWeighted
EAMinWeighted	EAMinWeighted
PearsonElectronegMinWeighted	Pearson电负性MinWeighted
AtomicRadiusMinWeighted	原子半径MinWeighted
Selected Features: 11 in 273.
Feature name	 Translation
time	反应时间
inorg-water-moleratio	无机相-水摩尔比
org-water-moleratio	有机相-水摩尔比
inorg-org-moleratio	无机-有机相摩尔比
notwater-water-moleratio	非水-水摩尔比
hardnessMaxWeighted	硬度MaxWeighted
IonizationMinWeighted	电离能MinWeighted
EAMinWeighted	EAMinWeighted
PearsonElectronegMinWeighted	Pearson电负性MinWeighted
hardnessMinWeighted	硬度MinWeighted
AtomicRadiusMinWeighted	原子半径MinWeighted
Selected Features: 12 in 273.
Feature name	 Translation
time	反应时间
inorg-water-moleratio	无机相-水摩尔比
org-water-moleratio	有机相-水摩尔比
inorg-org-moleratio	无机-有机相摩尔比
notwater-water-moleratio	非水-水摩尔比
IonizationMaxWeighted	电离能MaxWeighted
hardnessMaxWeighted	硬度MaxWeighted
IonizationMinWeighted	电离能MinWeighted
EAMinWeighted	EAMinWeighted
PearsonElectronegMinWeighted	Pearson电负性MinWeighted
hardnessMinWeighted	硬度MinWeighted
AtomicRadiusMinWeighted	原子半径MinWeighted
Selected Features: 13 in 273.
Feature name	 Translation
time	反应时间
inorg-water-moleratio	无机相-水摩尔比
org-water-moleratio	有机相-水摩尔比
orgdon-wateraccratio	orgdon-wateraccratio
inorg-org-moleratio	无机-有机相摩尔比
notwater-water-moleratio	非水-水摩尔比
IonizationMaxWeighted	电离能MaxWeighted
AtomicRadiusMaxWeighted	原子半径MaxWeighted
IonizationMinWeighted	电离能MinWeighted
EAMinWeighted	EAMinWeighted
PearsonElectronegMinWeighted	Pearson电负性MinWeighted
hardnessMinWeighted	硬度MinWeighted
AtomicRadiusMinWeighted	原子半径MinWeighted
Selected Features: 14 in 273.
Feature name	 Translation
time	反应时间
inorg-water-moleratio	无机相-水摩尔比
org-water-moleratio	有机相-水摩尔比
orgdon-wateraccratio	orgdon-wateraccratio
inorg-org-moleratio	无机-有机相摩尔比
notwater-water-moleratio	非水-水摩尔比
PearsonElectronegMaxWeighted	Pearson电负性MaxWeighted
IonizationMinWeighted	电离能MinWeighted
EAMinWeighted	EAMinWeighted
PearsonElectronegMinWeighted	Pearson电负性MinWeighted
hardnessMinWeighted	硬度MinWeighted
AtomicRadiusMinWeighted	原子半径MinWeighted
AtomicRadiusMeanWeighted	原子半径MeanWeighted
hardnessGeomWeighted	硬度GeomWeighted
Selected Features: 15 in 273.
Feature name	 Translation
time	反应时间
inorg-water-moleratio	无机相-水摩尔比
org-water-moleratio	有机相-水摩尔比
orgdon-wateraccratio	orgdon-wateraccratio
inorg-org-moleratio	无机-有机相摩尔比
notwater-water-moleratio	非水-水摩尔比
IonizationMaxWeighted	电离能MaxWeighted
AtomicRadiusMaxWeighted	原子半径MaxWeighted
IonizationMinWeighted	电离能MinWeighted
EAMinWeighted	EAMinWeighted
PearsonElectronegMinWeighted	Pearson电负性MinWeighted
hardnessMinWeighted	硬度MinWeighted
AtomicRadiusMinWeighted	原子半径MinWeighted
EAMeanWeighted	电子亲和能MeanWeighted
PearsonElectronegGeomWeighted	Pearson电负性GeomWeighted
Selected Features: 16 in 273.
Feature name	 Translation
time	反应时间
inorg-water-moleratio	无机相-水摩尔比
org-water-moleratio	有机相-水摩尔比
orgdon-wateraccratio	orgdon-wateraccratio
inorg-org-moleratio	无机-有机相摩尔比
notwater-water-moleratio	非水-水摩尔比
IonizationMaxWeighted	电离能MaxWeighted
EAMaxWeighted	电子亲和能MaxWeighted
AtomicRadiusMaxWeighted	原子半径MaxWeighted
IonizationMinWeighted	电离能MinWeighted
EAMinWeighted	EAMinWeighted
PearsonElectronegMinWeighted	Pearson电负性MinWeighted
hardnessMinWeighted	硬度MinWeighted
AtomicRadiusMinWeighted	原子半径MinWeighted
hardnessMeanWeighted	硬度MeanWeighted
AtomicRadiusMeanWeighted	原子半径MeanWeighted
Selected Features: 17 in 273.
Feature name	 Translation
time	反应时间
inorg-water-moleratio	无机相-水摩尔比
org-water-moleratio	有机相-水摩尔比
inorg-org-moleratio	无机-有机相摩尔比
notwater-water-moleratio	非水-水摩尔比
IonizationMaxWeighted	电离能MaxWeighted
EAMaxWeighted	电子亲和能MaxWeighted
AtomicRadiusMaxWeighted	原子半径MaxWeighted
IonizationMinWeighted	电离能MinWeighted
EAMinWeighted	EAMinWeighted
PearsonElectronegMinWeighted	Pearson电负性MinWeighted
hardnessMinWeighted	硬度MinWeighted
AtomicRadiusMinWeighted	原子半径MinWeighted
IonizationMeanWeighted	电离能MeanWeighted
PearsonElectronegGeomWeighted	Pearson电负性GeomWeighted
hardnessGeomWeighted	硬度GeomWeighted
AtomicRadiusGeomWeighted	原子半径GeomWeighted
Selected Features: 18 in 273.
Feature name	 Translation
time	反应时间
inorg-water-moleratio	无机相-水摩尔比
org-water-moleratio	有机相-水摩尔比
orgdon-wateraccratio	orgdon-wateraccratio
inorg-org-moleratio	无机-有机相摩尔比
notwater-water-moleratio	非水-水摩尔比
IonizationMaxWeighted	电离能MaxWeighted
EAMaxWeighted	电子亲和能MaxWeighted
PearsonElectronegMaxWeighted	Pearson电负性MaxWeighted
AtomicRadiusMaxWeighted	原子半径MaxWeighted
IonizationMinWeighted	电离能MinWeighted
EAMinWeighted	EAMinWeighted
PearsonElectronegMinWeighted	Pearson电负性MinWeighted
hardnessMinWeighted	硬度MinWeighted
AtomicRadiusMinWeighted	原子半径MinWeighted
EAMeanWeighted	电子亲和能MeanWeighted
AtomicRadiusMeanWeighted	原子半径MeanWeighted
IonizationGeomWeighted	电离能GeomWeighted
Selected Features: 19 in 273.
Feature name	 Translation
time	反应时间
inorg-water-moleratio	无机相-水摩尔比
org-water-moleratio	有机相-水摩尔比
orgdon-wateraccratio	orgdon-wateraccratio
inorg-org-moleratio	无机-有机相摩尔比
notwater-water-moleratio	非水-水摩尔比
IonizationMaxWeighted	电离能MaxWeighted
EAMaxWeighted	电子亲和能MaxWeighted
PearsonElectronegMaxWeighted	Pearson电负性MaxWeighted
IonizationMinWeighted	电离能MinWeighted
EAMinWeighted	EAMinWeighted
PearsonElectronegMinWeighted	Pearson电负性MinWeighted
hardnessMinWeighted	硬度MinWeighted
AtomicRadiusMinWeighted	原子半径MinWeighted
EAMeanWeighted	电子亲和能MeanWeighted
PearsonElectronegMeanWeighted	Pearson电负性MeanWeighted
hardnessMeanWeighted	硬度MeanWeighted
EAGeomWeighted	电子亲和能GeomWeighted
AtomicRadiusGeomWeighted	原子半径GeomWeighted
Selected Features: 20 in 273.
Feature name	 Translation
time	反应时间
inorg-water-moleratio	无机相-水摩尔比
org-water-moleratio	有机相-水摩尔比
orgdon-wateraccratio	orgdon-wateraccratio
inorg-org-moleratio	无机-有机相摩尔比
notwater-water-moleratio	非水-水摩尔比
IonizationMaxWeighted	电离能MaxWeighted
EAMaxWeighted	电子亲和能MaxWeighted
PearsonElectronegMaxWeighted	Pearson电负性MaxWeighted
hardnessMaxWeighted	硬度MaxWeighted
AtomicRadiusMaxWeighted	原子半径MaxWeighted
IonizationMinWeighted	电离能MinWeighted
EAMinWeighted	EAMinWeighted
PearsonElectronegMinWeighted	Pearson电负性MinWeighted
hardnessMinWeighted	硬度MinWeighted
AtomicRadiusMinWeighted	原子半径MinWeighted
IonizationMeanWeighted	电离能MeanWeighted
hardnessMeanWeighted	硬度MeanWeighted
EAGeomWeighted	电子亲和能GeomWeighted
hardnessGeomWeighted	硬度GeomWeighted
Selected Features: 21 in 273.
Feature name	 Translation
time	反应时间
inorg-water-moleratio	无机相-水摩尔比
org-water-moleratio	有机相-水摩尔比
orgdon-wateraccratio	orgdon-wateraccratio
inorg-org-moleratio	无机-有机相摩尔比
notwater-water-moleratio	非水-水摩尔比
EAMaxWeighted	电子亲和能MaxWeighted
PearsonElectronegMaxWeighted	Pearson电负性MaxWeighted
hardnessMaxWeighted	硬度MaxWeighted
AtomicRadiusMaxWeighted	原子半径MaxWeighted
IonizationMinWeighted	电离能MinWeighted
EAMinWeighted	EAMinWeighted
PearsonElectronegMinWeighted	Pearson电负性MinWeighted
hardnessMinWeighted	硬度MinWeighted
AtomicRadiusMinWeighted	原子半径MinWeighted
EAMeanWeighted	电子亲和能MeanWeighted
AtomicRadiusMeanWeighted	原子半径MeanWeighted
EAGeomWeighted	电子亲和能GeomWeighted
PearsonElectronegGeomWeighted	Pearson电负性GeomWeighted
hardnessGeomWeighted	硬度GeomWeighted
AtomicRadiusGeomWeighted	原子半径GeomWeighted
Selected Features: 22 in 273.
Feature name	 Translation
time	反应时间
inorg-water-moleratio	无机相-水摩尔比
org-water-moleratio	有机相-水摩尔比
orgdon-wateraccratio	orgdon-wateraccratio
inorg-org-moleratio	无机-有机相摩尔比
notwater-water-moleratio	非水-水摩尔比
IonizationMaxWeighted	电离能MaxWeighted
EAMaxWeighted	电子亲和能MaxWeighted
PearsonElectronegMaxWeighted	Pearson电负性MaxWeighted
AtomicRadiusMaxWeighted	原子半径MaxWeighted
IonizationMinWeighted	电离能MinWeighted
EAMinWeighted	EAMinWeighted
PearsonElectronegMinWeighted	Pearson电负性MinWeighted
hardnessMinWeighted	硬度MinWeighted
AtomicRadiusMinWeighted	原子半径MinWeighted
EAMeanWeighted	电子亲和能MeanWeighted
PearsonElectronegMeanWeighted	Pearson电负性MeanWeighted
hardnessMeanWeighted	硬度MeanWeighted
IonizationGeomWeighted	电离能GeomWeighted
PearsonElectronegGeomWeighted	Pearson电负性GeomWeighted
hardnessGeomWeighted	硬度GeomWeighted
AtomicRadiusGeomWeighted	原子半径GeomWeighted
Selected Features: 23 in 273.
Feature name	 Translation
time	反应时间
inorg-water-moleratio	无机相-水摩尔比
org-water-moleratio	有机相-水摩尔比
orgdon-wateraccratio	orgdon-wateraccratio
inorg-org-moleratio	无机-有机相摩尔比
notwater-water-moleratio	非水-水摩尔比
IonizationMaxWeighted	电离能MaxWeighted
EAMaxWeighted	电子亲和能MaxWeighted
PearsonElectronegMaxWeighted	Pearson电负性MaxWeighted
hardnessMaxWeighted	硬度MaxWeighted
AtomicRadiusMaxWeighted	原子半径MaxWeighted
IonizationMinWeighted	电离能MinWeighted
EAMinWeighted	EAMinWeighted
PearsonElectronegMinWeighted	Pearson电负性MinWeighted
hardnessMinWeighted	硬度MinWeighted
AtomicRadiusMinWeighted	原子半径MinWeighted
IonizationMeanWeighted	电离能MeanWeighted
PearsonElectronegMeanWeighted	Pearson电负性MeanWeighted
hardnessMeanWeighted	硬度MeanWeighted
AtomicRadiusMeanWeighted	原子半径MeanWeighted
EAGeomWeighted	电子亲和能GeomWeighted
PearsonElectronegGeomWeighted	Pearson电负性GeomWeighted
AtomicRadiusGeomWeighted	原子半径GeomWeighted
Selected Features: 24 in 273.
Feature name	 Translation
time	反应时间
inorg-water-moleratio	无机相-水摩尔比
org-water-moleratio	有机相-水摩尔比
orgdon-wateraccratio	orgdon-wateraccratio
inorg-org-moleratio	无机-有机相摩尔比
notwater-water-moleratio	非水-水摩尔比
EAMaxWeighted	电子亲和能MaxWeighted
PearsonElectronegMaxWeighted	Pearson电负性MaxWeighted
hardnessMaxWeighted	硬度MaxWeighted
AtomicRadiusMaxWeighted	原子半径MaxWeighted
IonizationMinWeighted	电离能MinWeighted
EAMinWeighted	EAMinWeighted
PearsonElectronegMinWeighted	Pearson电负性MinWeighted
hardnessMinWeighted	硬度MinWeighted
AtomicRadiusMinWeighted	原子半径MinWeighted
IonizationMeanWeighted	电离能MeanWeighted
EAMeanWeighted	电子亲和能MeanWeighted
PearsonElectronegMeanWeighted	Pearson电负性MeanWeighted
hardnessMeanWeighted	硬度MeanWeighted
AtomicRadiusMeanWeighted	原子半径MeanWeighted
IonizationGeomWeighted	电离能GeomWeighted
EAGeomWeighted	电子亲和能GeomWeighted
PearsonElectronegGeomWeighted	Pearson电负性GeomWeighted
AtomicRadiusGeomWeighted	原子半径GeomWeighted
Selected Features: 25 in 273.
Feature name	 Translation
time	反应时间
inorg-water-moleratio	无机相-水摩尔比
org-water-moleratio	有机相-水摩尔比
orgdon-wateraccratio	orgdon-wateraccratio
inorg-org-moleratio	无机-有机相摩尔比
notwater-water-moleratio	非水-水摩尔比
IonizationMaxWeighted	电离能MaxWeighted
EAMaxWeighted	电子亲和能MaxWeighted
PearsonElectronegMaxWeighted	Pearson电负性MaxWeighted
hardnessMaxWeighted	硬度MaxWeighted
AtomicRadiusMaxWeighted	原子半径MaxWeighted
IonizationMinWeighted	电离能MinWeighted
EAMinWeighted	EAMinWeighted
PearsonElectronegMinWeighted	Pearson电负性MinWeighted
hardnessMinWeighted	硬度MinWeighted
AtomicRadiusMinWeighted	原子半径MinWeighted
IonizationMeanWeighted	电离能MeanWeighted
EAMeanWeighted	电子亲和能MeanWeighted
PearsonElectronegMeanWeighted	Pearson电负性MeanWeighted
hardnessMeanWeighted	硬度MeanWeighted
AtomicRadiusMeanWeighted	原子半径MeanWeighted
EAGeomWeighted	电子亲和能GeomWeighted
PearsonElectronegGeomWeighted	Pearson电负性GeomWeighted
hardnessGeomWeighted	硬度GeomWeighted
AtomicRadiusGeomWeighted	原子半径GeomWeighted
Selected Features: 26 in 273.
Feature name	 Translation
time	反应时间
inorg-water-moleratio	无机相-水摩尔比
org-water-moleratio	有机相-水摩尔比
orgdon-wateraccratio	orgdon-wateraccratio
inorg-org-moleratio	无机-有机相摩尔比
notwater-water-moleratio	非水-水摩尔比
IonizationMaxWeighted	电离能MaxWeighted
EAMaxWeighted	电子亲和能MaxWeighted
PearsonElectronegMaxWeighted	Pearson电负性MaxWeighted
hardnessMaxWeighted	硬度MaxWeighted
AtomicRadiusMaxWeighted	原子半径MaxWeighted
IonizationMinWeighted	电离能MinWeighted
EAMinWeighted	EAMinWeighted
PearsonElectronegMinWeighted	Pearson电负性MinWeighted
hardnessMinWeighted	硬度MinWeighted
AtomicRadiusMinWeighted	原子半径MinWeighted
IonizationMeanWeighted	电离能MeanWeighted
EAMeanWeighted	电子亲和能MeanWeighted
PearsonElectronegMeanWeighted	Pearson电负性MeanWeighted
hardnessMeanWeighted	硬度MeanWeighted
AtomicRadiusMeanWeighted	原子半径MeanWeighted
IonizationGeomWeighted	电离能GeomWeighted
EAGeomWeighted	电子亲和能GeomWeighted
PearsonElectronegGeomWeighted	Pearson电负性GeomWeighted
hardnessGeomWeighted	硬度GeomWeighted
AtomicRadiusGeomWeighted	原子半径GeomWeighted
Selected Features: 27 in 273.
Feature name	 Translation
time	反应时间
leak	产物泄露
inorg-water-moleratio	无机相-水摩尔比
org-water-moleratio	有机相-水摩尔比
orgdon-wateraccratio	orgdon-wateraccratio
inorg-org-moleratio	无机-有机相摩尔比
notwater-water-moleratio	非水-水摩尔比
IonizationMaxWeighted	电离能MaxWeighted
EAMaxWeighted	电子亲和能MaxWeighted
PearsonElectronegMaxWeighted	Pearson电负性MaxWeighted
hardnessMaxWeighted	硬度MaxWeighted
AtomicRadiusMaxWeighted	原子半径MaxWeighted
IonizationMinWeighted	电离能MinWeighted
EAMinWeighted	EAMinWeighted
PearsonElectronegMinWeighted	Pearson电负性MinWeighted
hardnessMinWeighted	硬度MinWeighted
AtomicRadiusMinWeighted	原子半径MinWeighted
IonizationMeanWeighted	电离能MeanWeighted
EAMeanWeighted	电子亲和能MeanWeighted
PearsonElectronegMeanWeighted	Pearson电负性MeanWeighted
hardnessMeanWeighted	硬度MeanWeighted
AtomicRadiusMeanWeighted	原子半径MeanWeighted
IonizationGeomWeighted	电离能GeomWeighted
EAGeomWeighted	电子亲和能GeomWeighted
PearsonElectronegGeomWeighted	Pearson电负性GeomWeighted
hardnessGeomWeighted	硬度GeomWeighted
AtomicRadiusGeomWeighted	原子半径GeomWeighted
Selected Features: 28 in 273.
Feature name	 Translation
time	反应时间
leak	产物泄露
inorg-water-moleratio	无机相-水摩尔比
org-water-moleratio	有机相-水摩尔比
orgdon-wateraccratio	orgdon-wateraccratio
inorg-org-moleratio	无机-有机相摩尔比
notwater-water-moleratio	非水-水摩尔比
IonizationMaxWeighted	电离能MaxWeighted
EAMaxWeighted	电子亲和能MaxWeighted
PearsonElectronegMaxWeighted	Pearson电负性MaxWeighted
hardnessMaxWeighted	硬度MaxWeighted
AtomicRadiusMaxWeighted	原子半径MaxWeighted
IonizationMinWeighted	电离能MinWeighted
EAMinWeighted	EAMinWeighted
PaulingElectronegMinWeighted	Pauling电负性MinWeighted
PearsonElectronegMinWeighted	Pearson电负性MinWeighted
hardnessMinWeighted	硬度MinWeighted
AtomicRadiusMinWeighted	原子半径MinWeighted
IonizationMeanWeighted	电离能MeanWeighted
EAMeanWeighted	电子亲和能MeanWeighted
PearsonElectronegMeanWeighted	Pearson电负性MeanWeighted
hardnessMeanWeighted	硬度MeanWeighted
AtomicRadiusMeanWeighted	原子半径MeanWeighted
IonizationGeomWeighted	电离能GeomWeighted
EAGeomWeighted	电子亲和能GeomWeighted
PearsonElectronegGeomWeighted	Pearson电负性GeomWeighted
hardnessGeomWeighted	硬度GeomWeighted
AtomicRadiusGeomWeighted	原子半径GeomWeighted
Selected Features: 29 in 273.
Feature name	 Translation
time	反应时间
leak	产物泄露
inorg-water-moleratio	无机相-水摩尔比
org-water-moleratio	有机相-水摩尔比
orgdon-wateraccratio	orgdon-wateraccratio
inorg-org-moleratio	无机-有机相摩尔比
notwater-water-moleratio	非水-水摩尔比
IonizationMaxWeighted	电离能MaxWeighted
EAMaxWeighted	电子亲和能MaxWeighted
PaulingElectronegMaxWeighted	Pauling电负性MaxWeighted
PearsonElectronegMaxWeighted	Pearson电负性MaxWeighted
hardnessMaxWeighted	硬度MaxWeighted
AtomicRadiusMaxWeighted	原子半径MaxWeighted
IonizationMinWeighted	电离能MinWeighted
EAMinWeighted	EAMinWeighted
PaulingElectronegMinWeighted	Pauling电负性MinWeighted
PearsonElectronegMinWeighted	Pearson电负性MinWeighted
hardnessMinWeighted	硬度MinWeighted
AtomicRadiusMinWeighted	原子半径MinWeighted
IonizationMeanWeighted	电离能MeanWeighted
EAMeanWeighted	电子亲和能MeanWeighted
PearsonElectronegMeanWeighted	Pearson电负性MeanWeighted
hardnessMeanWeighted	硬度MeanWeighted
AtomicRadiusMeanWeighted	原子半径MeanWeighted
IonizationGeomWeighted	电离能GeomWeighted
EAGeomWeighted	电子亲和能GeomWeighted
PearsonElectronegGeomWeighted	Pearson电负性GeomWeighted
hardnessGeomWeighted	硬度GeomWeighted
AtomicRadiusGeomWeighted	原子半径GeomWeighted
Selected Features: 30 in 273.
Feature name	 Translation
time	反应时间
leak	产物泄露
inorg-water-moleratio	无机相-水摩尔比
org-water-moleratio	有机相-水摩尔比
orgdon-wateraccratio	orgdon-wateraccratio
inorg-org-moleratio	无机-有机相摩尔比
notwater-water-moleratio	非水-水摩尔比
IonizationMaxWeighted	电离能MaxWeighted
EAMaxWeighted	电子亲和能MaxWeighted
PaulingElectronegMaxWeighted	Pauling电负性MaxWeighted
PearsonElectronegMaxWeighted	Pearson电负性MaxWeighted
hardnessMaxWeighted	硬度MaxWeighted
AtomicRadiusMaxWeighted	原子半径MaxWeighted
IonizationMinWeighted	电离能MinWeighted
EAMinWeighted	EAMinWeighted
PearsonElectronegMinWeighted	Pearson电负性MinWeighted
hardnessMinWeighted	硬度MinWeighted
AtomicRadiusMinWeighted	原子半径MinWeighted
IonizationMeanWeighted	电离能MeanWeighted
EAMeanWeighted	电子亲和能MeanWeighted
PaulingElectronegMeanWeighted	Pauling电负性MeanWeighted
PearsonElectronegMeanWeighted	Pearson电负性MeanWeighted
hardnessMeanWeighted	硬度MeanWeighted
AtomicRadiusMeanWeighted	原子半径MeanWeighted
IonizationGeomWeighted	电离能GeomWeighted
EAGeomWeighted	电子亲和能GeomWeighted
PaulingElectronegGeomWeighted	Pauling电负性GeomWeighted
PearsonElectronegGeomWeighted	Pearson电负性GeomWeighted
hardnessGeomWeighted	硬度GeomWeighted
AtomicRadiusGeomWeighted	原子半径GeomWeighted
Selected Features: 31 in 273.
Feature name	 Translation
temp	温度
time	反应时间
pH	pH
leak	产物泄露
inorg-water-moleratio	无机相-水摩尔比
org-water-moleratio	有机相-水摩尔比
orgdon-wateraccratio	orgdon-wateraccratio
inorg-org-moleratio	无机-有机相摩尔比
notwater-water-moleratio	非水-水摩尔比
IonizationMaxWeighted	电离能MaxWeighted
EAMaxWeighted	电子亲和能MaxWeighted
PaulingElectronegMaxWeighted	Pauling电负性MaxWeighted
PearsonElectronegMaxWeighted	Pearson电负性MaxWeighted
hardnessMaxWeighted	硬度MaxWeighted
AtomicRadiusMaxWeighted	原子半径MaxWeighted
IonizationMinWeighted	电离能MinWeighted
EAMinWeighted	EAMinWeighted
PaulingElectronegMinWeighted	Pauling电负性MinWeighted
PearsonElectronegMinWeighted	Pearson电负性MinWeighted
hardnessMinWeighted	硬度MinWeighted
AtomicRadiusMinWeighted	原子半径MinWeighted
IonizationMeanWeighted	电离能MeanWeighted
EAMeanWeighted	电子亲和能MeanWeighted
PearsonElectronegMeanWeighted	Pearson电负性MeanWeighted
hardnessMeanWeighted	硬度MeanWeighted
AtomicRadiusMeanWeighted	原子半径MeanWeighted
IonizationGeomWeighted	电离能GeomWeighted
EAGeomWeighted	电子亲和能GeomWeighted
PearsonElectronegGeomWeighted	Pearson电负性GeomWeighted
hardnessGeomWeighted	硬度GeomWeighted
AtomicRadiusGeomWeighted	原子半径GeomWeighted
Selected Features: 32 in 273.
Feature name	 Translation
temp	温度
time	反应时间
leak	产物泄露
inorg-water-moleratio	无机相-水摩尔比
org-water-moleratio	有机相-水摩尔比
orgdon-wateraccratio	orgdon-wateraccratio
inorg-org-moleratio	无机-有机相摩尔比
notwater-water-moleratio	非水-水摩尔比
IonizationMaxWeighted	电离能MaxWeighted
EAMaxWeighted	电子亲和能MaxWeighted
PaulingElectronegMaxWeighted	Pauling电负性MaxWeighted
PearsonElectronegMaxWeighted	Pearson电负性MaxWeighted
hardnessMaxWeighted	硬度MaxWeighted
AtomicRadiusMaxWeighted	原子半径MaxWeighted
IonizationMinWeighted	电离能MinWeighted
EAMinWeighted	EAMinWeighted
PaulingElectronegMinWeighted	Pauling电负性MinWeighted
PearsonElectronegMinWeighted	Pearson电负性MinWeighted
hardnessMinWeighted	硬度MinWeighted
AtomicRadiusMinWeighted	原子半径MinWeighted
IonizationMeanWeighted	电离能MeanWeighted
EAMeanWeighted	电子亲和能MeanWeighted
PaulingElectronegMeanWeighted	Pauling电负性MeanWeighted
PearsonElectronegMeanWeighted	Pearson电负性MeanWeighted
hardnessMeanWeighted	硬度MeanWeighted
AtomicRadiusMeanWeighted	原子半径MeanWeighted
IonizationGeomWeighted	电离能GeomWeighted
EAGeomWeighted	电子亲和能GeomWeighted
PaulingElectronegGeomWeighted	Pauling电负性GeomWeighted
PearsonElectronegGeomWeighted	Pearson电负性GeomWeighted
hardnessGeomWeighted	硬度GeomWeighted
AtomicRadiusGeomWeighted	原子半径GeomWeighted
Selected Features: 33 in 273.
Feature name	 Translation
temp	温度
time	反应时间
pH	pH
leak	产物泄露
inorg-water-moleratio	无机相-水摩尔比
org-water-moleratio	有机相-水摩尔比
orgdon-wateraccratio	orgdon-wateraccratio
inorg-org-moleratio	无机-有机相摩尔比
notwater-water-moleratio	非水-水摩尔比
IonizationMaxWeighted	电离能MaxWeighted
EAMaxWeighted	电子亲和能MaxWeighted
PaulingElectronegMaxWeighted	Pauling电负性MaxWeighted
PearsonElectronegMaxWeighted	Pearson电负性MaxWeighted
hardnessMaxWeighted	硬度MaxWeighted
AtomicRadiusMaxWeighted	原子半径MaxWeighted
IonizationMinWeighted	电离能MinWeighted
EAMinWeighted	EAMinWeighted
PaulingElectronegMinWeighted	Pauling电负性MinWeighted
PearsonElectronegMinWeighted	Pearson电负性MinWeighted
hardnessMinWeighted	硬度MinWeighted
AtomicRadiusMinWeighted	原子半径MinWeighted
IonizationMeanWeighted	电离能MeanWeighted
EAMeanWeighted	电子亲和能MeanWeighted
PaulingElectronegMeanWeighted	Pauling电负性MeanWeighted
PearsonElectronegMeanWeighted	Pearson电负性MeanWeighted
hardnessMeanWeighted	硬度MeanWeighted
AtomicRadiusMeanWeighted	原子半径MeanWeighted
IonizationGeomWeighted	电离能GeomWeighted
EAGeomWeighted	电子亲和能GeomWeighted
PaulingElectronegGeomWeighted	Pauling电负性GeomWeighted
PearsonElectronegGeomWeighted	Pearson电负性GeomWeighted
hardnessGeomWeighted	硬度GeomWeighted
AtomicRadiusGeomWeighted	原子半径GeomWeighted
Selected Features: 34 in 273.
Feature name	 Translation
temp	温度
time	反应时间
pH	pH
leak	产物泄露
inorg-water-moleratio	无机相-水摩尔比
org-water-moleratio	有机相-水摩尔比
orgacc-waterdonratio	orgacc-waterdonratio
orgdon-wateraccratio	orgdon-wateraccratio
inorg-org-moleratio	无机-有机相摩尔比
notwater-water-moleratio	非水-水摩尔比
IonizationMaxWeighted	电离能MaxWeighted
EAMaxWeighted	电子亲和能MaxWeighted
PaulingElectronegMaxWeighted	Pauling电负性MaxWeighted
PearsonElectronegMaxWeighted	Pearson电负性MaxWeighted
hardnessMaxWeighted	硬度MaxWeighted
AtomicRadiusMaxWeighted	原子半径MaxWeighted
IonizationMinWeighted	电离能MinWeighted
EAMinWeighted	EAMinWeighted
PaulingElectronegMinWeighted	Pauling电负性MinWeighted
PearsonElectronegMinWeighted	Pearson电负性MinWeighted
hardnessMinWeighted	硬度MinWeighted
AtomicRadiusMinWeighted	原子半径MinWeighted
IonizationMeanWeighted	电离能MeanWeighted
EAMeanWeighted	电子亲和能MeanWeighted
PaulingElectronegMeanWeighted	Pauling电负性MeanWeighted
PearsonElectronegMeanWeighted	Pearson电负性MeanWeighted
hardnessMeanWeighted	硬度MeanWeighted
AtomicRadiusMeanWeighted	原子半径MeanWeighted
IonizationGeomWeighted	电离能GeomWeighted
EAGeomWeighted	电子亲和能GeomWeighted
PaulingElectronegGeomWeighted	Pauling电负性GeomWeighted
PearsonElectronegGeomWeighted	Pearson电负性GeomWeighted
hardnessGeomWeighted	硬度GeomWeighted
AtomicRadiusGeomWeighted	原子半径GeomWeighted
Selected Features: 35 in 273.
Feature name	 Translation
temp	温度
time	反应时间
pH	pH
leak	产物泄露
orgvanderwaalsMax	orgvanderwaalsMax
inorg-water-moleratio	无机相-水摩尔比
org-water-moleratio	有机相-水摩尔比
orgacc-waterdonratio	orgacc-waterdonratio
orgdon-wateraccratio	orgdon-wateraccratio
inorg-org-moleratio	无机-有机相摩尔比
notwater-water-moleratio	非水-水摩尔比
IonizationMaxWeighted	电离能MaxWeighted
EAMaxWeighted	电子亲和能MaxWeighted
PaulingElectronegMaxWeighted	Pauling电负性MaxWeighted
PearsonElectronegMaxWeighted	Pearson电负性MaxWeighted
hardnessMaxWeighted	硬度MaxWeighted
AtomicRadiusMaxWeighted	原子半径MaxWeighted
IonizationMinWeighted	电离能MinWeighted
EAMinWeighted	EAMinWeighted
PaulingElectronegMinWeighted	Pauling电负性MinWeighted
PearsonElectronegMinWeighted	Pearson电负性MinWeighted
hardnessMinWeighted	硬度MinWeighted
AtomicRadiusMinWeighted	原子半径MinWeighted
IonizationMeanWeighted	电离能MeanWeighted
EAMeanWeighted	电子亲和能MeanWeighted
PaulingElectronegMeanWeighted	Pauling电负性MeanWeighted
PearsonElectronegMeanWeighted	Pearson电负性MeanWeighted
hardnessMeanWeighted	硬度MeanWeighted
AtomicRadiusMeanWeighted	原子半径MeanWeighted
IonizationGeomWeighted	电离能GeomWeighted
EAGeomWeighted	电子亲和能GeomWeighted
PaulingElectronegGeomWeighted	Pauling电负性GeomWeighted
PearsonElectronegGeomWeighted	Pearson电负性GeomWeighted
hardnessGeomWeighted	硬度GeomWeighted
AtomicRadiusGeomWeighted	原子半径GeomWeighted
Selected Features: 36 in 273.
Feature name	 Translation
temp	温度
time	反应时间
pH	pH
leak	产物泄露
orgASA_HMax	orgASA_HMax
orgASA_HArithAvg	orgASA_H算术平均
inorg-water-moleratio	无机相-水摩尔比
org-water-moleratio	有机相-水摩尔比
orgacc-waterdonratio	orgacc-waterdonratio
orgdon-wateraccratio	orgdon-wateraccratio
inorg-org-moleratio	无机-有机相摩尔比
notwater-water-moleratio	非水-水摩尔比
IonizationMaxWeighted	电离能MaxWeighted
EAMaxWeighted	电子亲和能MaxWeighted
PaulingElectronegMaxWeighted	Pauling电负性MaxWeighted
PearsonElectronegMaxWeighted	Pearson电负性MaxWeighted
hardnessMaxWeighted	硬度MaxWeighted
AtomicRadiusMaxWeighted	原子半径MaxWeighted
IonizationMinWeighted	电离能MinWeighted
EAMinWeighted	EAMinWeighted
PaulingElectronegMinWeighted	Pauling电负性MinWeighted
PearsonElectronegMinWeighted	Pearson电负性MinWeighted
hardnessMinWeighted	硬度MinWeighted
AtomicRadiusMinWeighted	原子半径MinWeighted
IonizationMeanWeighted	电离能MeanWeighted
EAMeanWeighted	电子亲和能MeanWeighted
PaulingElectronegMeanWeighted	Pauling电负性MeanWeighted
PearsonElectronegMeanWeighted	Pearson电负性MeanWeighted
hardnessMeanWeighted	硬度MeanWeighted
AtomicRadiusMeanWeighted	原子半径MeanWeighted
IonizationGeomWeighted	电离能GeomWeighted
EAGeomWeighted	电子亲和能GeomWeighted
PaulingElectronegGeomWeighted	Pauling电负性GeomWeighted
PearsonElectronegGeomWeighted	Pearson电负性GeomWeighted
hardnessGeomWeighted	硬度GeomWeighted
AtomicRadiusGeomWeighted	原子半径GeomWeighted
Selected Features: 37 in 273.
Feature name	 Translation
temp	温度
time	反应时间
pH	pH
leak	产物泄露
orgASAMax	orgASAMax
orgASA_HMin	orgASA_HMin
orgASA_HGeomAvg	orgASA_H几何平均
inorg-water-moleratio	无机相-水摩尔比
org-water-moleratio	有机相-水摩尔比
orgacc-waterdonratio	orgacc-waterdonratio
orgdon-wateraccratio	orgdon-wateraccratio
inorg-org-moleratio	无机-有机相摩尔比
notwater-water-moleratio	非水-水摩尔比
IonizationMaxWeighted	电离能MaxWeighted
EAMaxWeighted	电子亲和能MaxWeighted
PaulingElectronegMaxWeighted	Pauling电负性MaxWeighted
PearsonElectronegMaxWeighted	Pearson电负性MaxWeighted
hardnessMaxWeighted	硬度MaxWeighted
AtomicRadiusMaxWeighted	原子半径MaxWeighted
IonizationMinWeighted	电离能MinWeighted
EAMinWeighted	EAMinWeighted
PaulingElectronegMinWeighted	Pauling电负性MinWeighted
PearsonElectronegMinWeighted	Pearson电负性MinWeighted
hardnessMinWeighted	硬度MinWeighted
AtomicRadiusMinWeighted	原子半径MinWeighted
IonizationMeanWeighted	电离能MeanWeighted
EAMeanWeighted	电子亲和能MeanWeighted
PaulingElectronegMeanWeighted	Pauling电负性MeanWeighted
PearsonElectronegMeanWeighted	Pearson电负性MeanWeighted
hardnessMeanWeighted	硬度MeanWeighted
AtomicRadiusMeanWeighted	原子半径MeanWeighted
IonizationGeomWeighted	电离能GeomWeighted
EAGeomWeighted	电子亲和能GeomWeighted
PaulingElectronegGeomWeighted	Pauling电负性GeomWeighted
PearsonElectronegGeomWeighted	Pearson电负性GeomWeighted
hardnessGeomWeighted	硬度GeomWeighted
AtomicRadiusGeomWeighted	原子半径GeomWeighted
Selected Features: 38 in 273.
Feature name	 Translation
temp	温度
time	反应时间
pH	pH
leak	产物泄露
orgASAMax	orgASAMax
orgASA_HArithAvg	orgASA_H算术平均
orgASA_PGeomAvg	orgASA_P几何平均
orghbdamsdonGeomAvg	orghbdamsdon几何平均
inorg-water-moleratio	无机相-水摩尔比
org-water-moleratio	有机相-水摩尔比
orgacc-waterdonratio	orgacc-waterdonratio
orgdon-wateraccratio	orgdon-wateraccratio
inorg-org-moleratio	无机-有机相摩尔比
notwater-water-moleratio	非水-水摩尔比
IonizationMaxWeighted	电离能MaxWeighted
EAMaxWeighted	电子亲和能MaxWeighted
PaulingElectronegMaxWeighted	Pauling电负性MaxWeighted
PearsonElectronegMaxWeighted	Pearson电负性MaxWeighted
hardnessMaxWeighted	硬度MaxWeighted
AtomicRadiusMaxWeighted	原子半径MaxWeighted
IonizationMinWeighted	电离能MinWeighted
EAMinWeighted	EAMinWeighted
PaulingElectronegMinWeighted	Pauling电负性MinWeighted
PearsonElectronegMinWeighted	Pearson电负性MinWeighted
hardnessMinWeighted	硬度MinWeighted
AtomicRadiusMinWeighted	原子半径MinWeighted
IonizationMeanWeighted	电离能MeanWeighted
EAMeanWeighted	电子亲和能MeanWeighted
PaulingElectronegMeanWeighted	Pauling电负性MeanWeighted
PearsonElectronegMeanWeighted	Pearson电负性MeanWeighted
hardnessMeanWeighted	硬度MeanWeighted
AtomicRadiusMeanWeighted	原子半径MeanWeighted
IonizationGeomWeighted	电离能GeomWeighted
EAGeomWeighted	电子亲和能GeomWeighted
PaulingElectronegGeomWeighted	Pauling电负性GeomWeighted
PearsonElectronegGeomWeighted	Pearson电负性GeomWeighted
hardnessGeomWeighted	硬度GeomWeighted
AtomicRadiusGeomWeighted	原子半径GeomWeighted
Selected Features: 39 in 273.
Feature name	 Translation
temp	温度
time	反应时间
pH	pH
leak	产物泄露
orgASA_HMax	orgASA_HMax
orgASA_HMin	orgASA_HMin
orghbdamsaccArithAvg	orghbdamsacc算术平均
orgASA_PGeomAvg	orgASA_P几何平均
inorg-water-moleratio	无机相-水摩尔比
org-water-moleratio	有机相-水摩尔比
orgacc-waterdonratio	orgacc-waterdonratio
orgdon-wateraccratio	orgdon-wateraccratio
inorg-org-moleratio	无机-有机相摩尔比
notwater-water-moleratio	非水-水摩尔比
PaulingElectronegMean	Pauling电负性Mean
IonizationMaxWeighted	电离能MaxWeighted
EAMaxWeighted	电子亲和能MaxWeighted
PaulingElectronegMaxWeighted	Pauling电负性MaxWeighted
PearsonElectronegMaxWeighted	Pearson电负性MaxWeighted
hardnessMaxWeighted	硬度MaxWeighted
AtomicRadiusMaxWeighted	原子半径MaxWeighted
IonizationMinWeighted	电离能MinWeighted
EAMinWeighted	EAMinWeighted
PaulingElectronegMinWeighted	Pauling电负性MinWeighted
PearsonElectronegMinWeighted	Pearson电负性MinWeighted
hardnessMinWeighted	硬度MinWeighted
AtomicRadiusMinWeighted	原子半径MinWeighted
IonizationMeanWeighted	电离能MeanWeighted
EAMeanWeighted	电子亲和能MeanWeighted
PaulingElectronegMeanWeighted	Pauling电负性MeanWeighted
PearsonElectronegMeanWeighted	Pearson电负性MeanWeighted
hardnessMeanWeighted	硬度MeanWeighted
AtomicRadiusMeanWeighted	原子半径MeanWeighted
IonizationGeomWeighted	电离能GeomWeighted
EAGeomWeighted	电子亲和能GeomWeighted
PaulingElectronegGeomWeighted	Pauling电负性GeomWeighted
PearsonElectronegGeomWeighted	Pearson电负性GeomWeighted
hardnessGeomWeighted	硬度GeomWeighted
AtomicRadiusGeomWeighted	原子半径GeomWeighted
Selected Features: 40 in 273.
Feature name	 Translation
temp	温度
time	反应时间
pH	pH
leak	产物泄露
orgASA_HMax	orgASA_HMax
orgASA_HMin	orgASA_HMin
orgASA_PArithAvg	orgASA_P算术平均
orgASA_HGeomAvg	orgASA_H几何平均
orgASA_PGeomAvg	orgASA_P几何平均
orghbdamsdonGeomAvg	orghbdamsdon几何平均
inorg-water-moleratio	无机相-水摩尔比
org-water-moleratio	有机相-水摩尔比
orgacc-waterdonratio	orgacc-waterdonratio
orgdon-wateraccratio	orgdon-wateraccratio
inorg-org-moleratio	无机-有机相摩尔比
notwater-water-moleratio	非水-水摩尔比
IonizationMaxWeighted	电离能MaxWeighted
EAMaxWeighted	电子亲和能MaxWeighted
PaulingElectronegMaxWeighted	Pauling电负性MaxWeighted
PearsonElectronegMaxWeighted	Pearson电负性MaxWeighted
hardnessMaxWeighted	硬度MaxWeighted
AtomicRadiusMaxWeighted	原子半径MaxWeighted
IonizationMinWeighted	电离能MinWeighted
EAMinWeighted	EAMinWeighted
PaulingElectronegMinWeighted	Pauling电负性MinWeighted
PearsonElectronegMinWeighted	Pearson电负性MinWeighted
hardnessMinWeighted	硬度MinWeighted
AtomicRadiusMinWeighted	原子半径MinWeighted
IonizationMeanWeighted	电离能MeanWeighted
EAMeanWeighted	电子亲和能MeanWeighted
PaulingElectronegMeanWeighted	Pauling电负性MeanWeighted
PearsonElectronegMeanWeighted	Pearson电负性MeanWeighted
hardnessMeanWeighted	硬度MeanWeighted
AtomicRadiusMeanWeighted	原子半径MeanWeighted
IonizationGeomWeighted	电离能GeomWeighted
EAGeomWeighted	电子亲和能GeomWeighted
PaulingElectronegGeomWeighted	Pauling电负性GeomWeighted
PearsonElectronegGeomWeighted	Pearson电负性GeomWeighted
hardnessGeomWeighted	硬度GeomWeighted
AtomicRadiusGeomWeighted	原子半径GeomWeighted
Selected Features: 41 in 273.
Feature name	 Translation
temp	温度
time	反应时间
pH	pH
leak	产物泄露
orgASAMax	orgASAMax
orgASA_HMin	orgASA_HMin
orgASA_HArithAvg	orgASA_H算术平均
orghbdamsdonArithAvg	orghbdamsdon算术平均
orgASA_HGeomAvg	orgASA_H几何平均
inorg-water-moleratio	无机相-水摩尔比
org-water-moleratio	有机相-水摩尔比
orgacc-waterdonratio	orgacc-waterdonratio
orgdon-wateraccratio	orgdon-wateraccratio
inorg-org-moleratio	无机-有机相摩尔比
notwater-water-moleratio	非水-水摩尔比
PaulingElectronegMax	Pauling电负性Max
PaulingElectronegMean	Pauling电负性Mean
IonizationMaxWeighted	电离能MaxWeighted
EAMaxWeighted	电子亲和能MaxWeighted
PaulingElectronegMaxWeighted	Pauling电负性MaxWeighted
PearsonElectronegMaxWeighted	Pearson电负性MaxWeighted
hardnessMaxWeighted	硬度MaxWeighted
AtomicRadiusMaxWeighted	原子半径MaxWeighted
IonizationMinWeighted	电离能MinWeighted
EAMinWeighted	EAMinWeighted
PaulingElectronegMinWeighted	Pauling电负性MinWeighted
PearsonElectronegMinWeighted	Pearson电负性MinWeighted
hardnessMinWeighted	硬度MinWeighted
AtomicRadiusMinWeighted	原子半径MinWeighted
IonizationMeanWeighted	电离能MeanWeighted
EAMeanWeighted	电子亲和能MeanWeighted
PaulingElectronegMeanWeighted	Pauling电负性MeanWeighted
PearsonElectronegMeanWeighted	Pearson电负性MeanWeighted
hardnessMeanWeighted	硬度MeanWeighted
AtomicRadiusMeanWeighted	原子半径MeanWeighted
IonizationGeomWeighted	电离能GeomWeighted
EAGeomWeighted	电子亲和能GeomWeighted
PaulingElectronegGeomWeighted	Pauling电负性GeomWeighted
PearsonElectronegGeomWeighted	Pearson电负性GeomWeighted
hardnessGeomWeighted	硬度GeomWeighted
AtomicRadiusGeomWeighted	原子半径GeomWeighted
Selected Features: 42 in 273.
Feature name	 Translation
temp	温度
time	反应时间
pH	pH
leak	产物泄露
orgmaximalprojectionsizeMax	orgmaximalprojectionsizeMax
orgvanderwaalsMax	orgvanderwaalsMax
orgASAMax	orgASAMax
orgASA_HMin	orgASA_HMin
orgASA_HArithAvg	orgASA_H算术平均
orghbdamsaccArithAvg	orghbdamsacc算术平均
orghbdamsdonArithAvg	orghbdamsdon算术平均
orgASA_HGeomAvg	orgASA_H几何平均
inorg-water-moleratio	无机相-水摩尔比
org-water-moleratio	有机相-水摩尔比
orgacc-waterdonratio	orgacc-waterdonratio
orgdon-wateraccratio	orgdon-wateraccratio
inorg-org-moleratio	无机-有机相摩尔比
notwater-water-moleratio	非水-水摩尔比
IonizationMaxWeighted	电离能MaxWeighted
EAMaxWeighted	电子亲和能MaxWeighted
PaulingElectronegMaxWeighted	Pauling电负性MaxWeighted
PearsonElectronegMaxWeighted	Pearson电负性MaxWeighted
hardnessMaxWeighted	硬度MaxWeighted
AtomicRadiusMaxWeighted	原子半径MaxWeighted
IonizationMinWeighted	电离能MinWeighted
EAMinWeighted	EAMinWeighted
PaulingElectronegMinWeighted	Pauling电负性MinWeighted
PearsonElectronegMinWeighted	Pearson电负性MinWeighted
hardnessMinWeighted	硬度MinWeighted
AtomicRadiusMinWeighted	原子半径MinWeighted
IonizationMeanWeighted	电离能MeanWeighted
EAMeanWeighted	电子亲和能MeanWeighted
PaulingElectronegMeanWeighted	Pauling电负性MeanWeighted
PearsonElectronegMeanWeighted	Pearson电负性MeanWeighted
hardnessMeanWeighted	硬度MeanWeighted
AtomicRadiusMeanWeighted	原子半径MeanWeighted
IonizationGeomWeighted	电离能GeomWeighted
EAGeomWeighted	电子亲和能GeomWeighted
PaulingElectronegGeomWeighted	Pauling电负性GeomWeighted
PearsonElectronegGeomWeighted	Pearson电负性GeomWeighted
hardnessGeomWeighted	硬度GeomWeighted
AtomicRadiusGeomWeighted	原子半径GeomWeighted
Selected Features: 43 in 273.
Feature name	 Translation
temp	温度
time	反应时间
slowCool	缓慢冷却
pH	pH
leak	产物泄露
orgvanderwaalsMax	orgvanderwaalsMax
orgASA_HMax	orgASA_HMax
orgASA_HArithAvg	orgASA_H算术平均
orgASA_PArithAvg	orgASA_P算术平均
orghbdamsaccArithAvg	orghbdamsacc算术平均
orgvanderwaalsGeomAvg	orgvanderwaals几何平均
orgASAGeomAvg	orgASA几何平均
orgASA_HGeomAvg	orgASA_H几何平均
inorg-water-moleratio	无机相-水摩尔比
org-water-moleratio	有机相-水摩尔比
orgacc-waterdonratio	orgacc-waterdonratio
orgdon-wateraccratio	orgdon-wateraccratio
inorg-org-moleratio	无机-有机相摩尔比
notwater-water-moleratio	非水-水摩尔比
IonizationMaxWeighted	电离能MaxWeighted
EAMaxWeighted	电子亲和能MaxWeighted
PaulingElectronegMaxWeighted	Pauling电负性MaxWeighted
PearsonElectronegMaxWeighted	Pearson电负性MaxWeighted
hardnessMaxWeighted	硬度MaxWeighted
AtomicRadiusMaxWeighted	原子半径MaxWeighted
IonizationMinWeighted	电离能MinWeighted
EAMinWeighted	EAMinWeighted
PaulingElectronegMinWeighted	Pauling电负性MinWeighted
PearsonElectronegMinWeighted	Pearson电负性MinWeighted
hardnessMinWeighted	硬度MinWeighted
AtomicRadiusMinWeighted	原子半径MinWeighted
IonizationMeanWeighted	电离能MeanWeighted
EAMeanWeighted	电子亲和能MeanWeighted
PaulingElectronegMeanWeighted	Pauling电负性MeanWeighted
PearsonElectronegMeanWeighted	Pearson电负性MeanWeighted
hardnessMeanWeighted	硬度MeanWeighted
AtomicRadiusMeanWeighted	原子半径MeanWeighted
IonizationGeomWeighted	电离能GeomWeighted
EAGeomWeighted	电子亲和能GeomWeighted
PaulingElectronegGeomWeighted	Pauling电负性GeomWeighted
PearsonElectronegGeomWeighted	Pearson电负性GeomWeighted
hardnessGeomWeighted	硬度GeomWeighted
AtomicRadiusGeomWeighted	原子半径GeomWeighted
Selected Features: 44 in 273.
Feature name	 Translation
temp	温度
time	反应时间
pH	pH
leak	产物泄露
orgmaximalprojectionsizeMax	orgmaximalprojectionsizeMax
orgvanderwaalsMax	orgvanderwaalsMax
orgASA_PMax	orgASA_PMax
orgmaximalprojectionsizeMin	orgmaximalprojectionsizeMin
orgASA_HMin	orgASA_HMin
orgmaximalprojectionsizeArithAvg	orgmaximalprojectionsize算术平均
orgASA-ArithAvg	orgASA-算术平均
orgASA_HArithAvg	orgASA_H算术平均
orghbdamsdonArithAvg	orghbdamsdon算术平均
orgASA_HGeomAvg	orgASA_H几何平均
inorg-water-moleratio	无机相-水摩尔比
org-water-moleratio	有机相-水摩尔比
orgacc-waterdonratio	orgacc-waterdonratio
orgdon-wateraccratio	orgdon-wateraccratio
inorg-org-moleratio	无机-有机相摩尔比
notwater-water-moleratio	非水-水摩尔比
IonizationMaxWeighted	电离能MaxWeighted
EAMaxWeighted	电子亲和能MaxWeighted
PaulingElectronegMaxWeighted	Pauling电负性MaxWeighted
PearsonElectronegMaxWeighted	Pearson电负性MaxWeighted
hardnessMaxWeighted	硬度MaxWeighted
AtomicRadiusMaxWeighted	原子半径MaxWeighted
IonizationMinWeighted	电离能MinWeighted
EAMinWeighted	EAMinWeighted
PaulingElectronegMinWeighted	Pauling电负性MinWeighted
PearsonElectronegMinWeighted	Pearson电负性MinWeighted
hardnessMinWeighted	硬度MinWeighted
AtomicRadiusMinWeighted	原子半径MinWeighted
IonizationMeanWeighted	电离能MeanWeighted
EAMeanWeighted	电子亲和能MeanWeighted
PaulingElectronegMeanWeighted	Pauling电负性MeanWeighted
PearsonElectronegMeanWeighted	Pearson电负性MeanWeighted
hardnessMeanWeighted	硬度MeanWeighted
AtomicRadiusMeanWeighted	原子半径MeanWeighted
IonizationGeomWeighted	电离能GeomWeighted
EAGeomWeighted	电子亲和能GeomWeighted
PaulingElectronegGeomWeighted	Pauling电负性GeomWeighted
PearsonElectronegGeomWeighted	Pearson电负性GeomWeighted
hardnessGeomWeighted	硬度GeomWeighted
AtomicRadiusGeomWeighted	原子半径GeomWeighted
Selected Features: 45 in 273.
Feature name	 Translation
temp	温度
time	反应时间
pH	pH
leak	产物泄露
orgvanderwaalsMax	orgvanderwaalsMax
orgASAMax	orgASAMax
orgASAMin	orgASAMin
orgASA_HMin	orgASA_HMin
orgvanderwaalsArithAvg	orgvanderwaals算术平均
orgASA_HArithAvg	orgASA_H算术平均
orgASA_PArithAvg	orgASA_P算术平均
orghbdamsdonArithAvg	orghbdamsdon算术平均
orgmaximalprojectionsizeGeomAvg	orgmaximalprojectionsize几何平均
orgvanderwaalsGeomAvg	orgvanderwaals几何平均
orgASA_HGeomAvg	orgASA_H几何平均
inorg-water-moleratio	无机相-水摩尔比
org-water-moleratio	有机相-水摩尔比
orgacc-waterdonratio	orgacc-waterdonratio
orgdon-wateraccratio	orgdon-wateraccratio
inorg-org-moleratio	无机-有机相摩尔比
notwater-water-moleratio	非水-水摩尔比
IonizationMaxWeighted	电离能MaxWeighted
EAMaxWeighted	电子亲和能MaxWeighted
PaulingElectronegMaxWeighted	Pauling电负性MaxWeighted
PearsonElectronegMaxWeighted	Pearson电负性MaxWeighted
hardnessMaxWeighted	硬度MaxWeighted
AtomicRadiusMaxWeighted	原子半径MaxWeighted
IonizationMinWeighted	电离能MinWeighted
EAMinWeighted	EAMinWeighted
PaulingElectronegMinWeighted	Pauling电负性MinWeighted
PearsonElectronegMinWeighted	Pearson电负性MinWeighted
hardnessMinWeighted	硬度MinWeighted
AtomicRadiusMinWeighted	原子半径MinWeighted
IonizationMeanWeighted	电离能MeanWeighted
EAMeanWeighted	电子亲和能MeanWeighted
PaulingElectronegMeanWeighted	Pauling电负性MeanWeighted
PearsonElectronegMeanWeighted	Pearson电负性MeanWeighted
hardnessMeanWeighted	硬度MeanWeighted
AtomicRadiusMeanWeighted	原子半径MeanWeighted
IonizationGeomWeighted	电离能GeomWeighted
EAGeomWeighted	电子亲和能GeomWeighted
PaulingElectronegGeomWeighted	Pauling电负性GeomWeighted
PearsonElectronegGeomWeighted	Pearson电负性GeomWeighted
hardnessGeomWeighted	硬度GeomWeighted
AtomicRadiusGeomWeighted	原子半径GeomWeighted
Selected Features: 46 in 273.
Feature name	 Translation
temp	温度
time	反应时间
pH	pH
leak	产物泄露
orgvanderwaalsMax	orgvanderwaalsMax
orgvanderwaalsMin	orgvanderwaalsMin
orgASA_HMin	orgASA_HMin
orgASA_PMin	orgASA_PMin
orgmaximalprojectionsizeArithAvg	orgmaximalprojectionsize算术平均
orgASAArithAvg	orgASA算术平均
orgASA_HArithAvg	orgASA_H算术平均
orgASA_PArithAvg	orgASA_P算术平均
orghbdamsaccArithAvg	orghbdamsacc算术平均
orghbdamsdonArithAvg	orghbdamsdon算术平均
orgASA+GeomAvg	orgASA+几何平均
orgASA_HGeomAvg	orgASA_H几何平均
inorg-water-moleratio	无机相-水摩尔比
org-water-moleratio	有机相-水摩尔比
orgacc-waterdonratio	orgacc-waterdonratio
orgdon-wateraccratio	orgdon-wateraccratio
inorg-org-moleratio	无机-有机相摩尔比
notwater-water-moleratio	非水-水摩尔比
IonizationMaxWeighted	电离能MaxWeighted
EAMaxWeighted	电子亲和能MaxWeighted
PaulingElectronegMaxWeighted	Pauling电负性MaxWeighted
PearsonElectronegMaxWeighted	Pearson电负性MaxWeighted
hardnessMaxWeighted	硬度MaxWeighted
AtomicRadiusMaxWeighted	原子半径MaxWeighted
IonizationMinWeighted	电离能MinWeighted
EAMinWeighted	EAMinWeighted
PaulingElectronegMinWeighted	Pauling电负性MinWeighted
PearsonElectronegMinWeighted	Pearson电负性MinWeighted
hardnessMinWeighted	硬度MinWeighted
AtomicRadiusMinWeighted	原子半径MinWeighted
IonizationMeanWeighted	电离能MeanWeighted
EAMeanWeighted	电子亲和能MeanWeighted
PaulingElectronegMeanWeighted	Pauling电负性MeanWeighted
PearsonElectronegMeanWeighted	Pearson电负性MeanWeighted
hardnessMeanWeighted	硬度MeanWeighted
AtomicRadiusMeanWeighted	原子半径MeanWeighted
IonizationGeomWeighted	电离能GeomWeighted
EAGeomWeighted	电子亲和能GeomWeighted
PaulingElectronegGeomWeighted	Pauling电负性GeomWeighted
PearsonElectronegGeomWeighted	Pearson电负性GeomWeighted
hardnessGeomWeighted	硬度GeomWeighted
AtomicRadiusGeomWeighted	原子半径GeomWeighted
Selected Features: 47 in 273.
Feature name	 Translation
temp	温度
time	反应时间
slowCool	缓慢冷却
pH	pH
leak	产物泄露
orgvanderwaalsMax	orgvanderwaalsMax
orgASAMax	orgASAMax
orgASA_HMax	orgASA_HMax
orgASA_PMax	orgASA_PMax
orgvanderwaalsMin	orgvanderwaalsMin
orgASA_HMin	orgASA_HMin
orgASA_PMin	orgASA_PMin
orgASA_HArithAvg	orgASA_H算术平均
orghbdamsaccArithAvg	orghbdamsacc算术平均
orgmaximalprojectionsizeGeomAvg	orgmaximalprojectionsize几何平均
orgASA_HGeomAvg	orgASA_H几何平均
orgASA_PGeomAvg	orgASA_P几何平均
inorg-water-moleratio	无机相-水摩尔比
org-water-moleratio	有机相-水摩尔比
orgacc-waterdonratio	orgacc-waterdonratio
orgdon-wateraccratio	orgdon-wateraccratio
inorg-org-moleratio	无机-有机相摩尔比
notwater-water-moleratio	非水-水摩尔比
IonizationMaxWeighted	电离能MaxWeighted
EAMaxWeighted	电子亲和能MaxWeighted
PaulingElectronegMaxWeighted	Pauling电负性MaxWeighted
PearsonElectronegMaxWeighted	Pearson电负性MaxWeighted
hardnessMaxWeighted	硬度MaxWeighted
AtomicRadiusMaxWeighted	原子半径MaxWeighted
IonizationMinWeighted	电离能MinWeighted
EAMinWeighted	EAMinWeighted
PaulingElectronegMinWeighted	Pauling电负性MinWeighted
PearsonElectronegMinWeighted	Pearson电负性MinWeighted
hardnessMinWeighted	硬度MinWeighted
AtomicRadiusMinWeighted	原子半径MinWeighted
IonizationMeanWeighted	电离能MeanWeighted
EAMeanWeighted	电子亲和能MeanWeighted
PaulingElectronegMeanWeighted	Pauling电负性MeanWeighted
PearsonElectronegMeanWeighted	Pearson电负性MeanWeighted
hardnessMeanWeighted	硬度MeanWeighted
AtomicRadiusMeanWeighted	原子半径MeanWeighted
IonizationGeomWeighted	电离能GeomWeighted
EAGeomWeighted	电子亲和能GeomWeighted
PaulingElectronegGeomWeighted	Pauling电负性GeomWeighted
PearsonElectronegGeomWeighted	Pearson电负性GeomWeighted
hardnessGeomWeighted	硬度GeomWeighted
AtomicRadiusGeomWeighted	原子半径GeomWeighted
Selected Features: 48 in 273.
Feature name	 Translation
temp	温度
time	反应时间
slowCool	缓慢冷却
pH	pH
leak	产物泄露
orgmaximalprojectionsizeMax	orgmaximalprojectionsizeMax
orgvanderwaalsMax	orgvanderwaalsMax
orgASAMax	orgASAMax
orgASA_HMax	orgASA_HMax
orghbdamsaccMax	orghbdamsaccMax
orghbdamsdonMin	orghbdamsdonMin
orgASA+ArithAvg	orgASA+算术平均
orgASA_HArithAvg	orgASA_H算术平均
orghbdamsdonArithAvg	orghbdamsdon算术平均
orgvanderwaalsGeomAvg	orgvanderwaals几何平均
orgASA_HGeomAvg	orgASA_H几何平均
orgASA_PGeomAvg	orgASA_P几何平均
inorg-water-moleratio	无机相-水摩尔比
org-water-moleratio	有机相-水摩尔比
orgacc-waterdonratio	orgacc-waterdonratio
orgdon-wateraccratio	orgdon-wateraccratio
inorg-org-moleratio	无机-有机相摩尔比
notwater-water-moleratio	非水-水摩尔比
PaulingElectronegMean	Pauling电负性Mean
IonizationMaxWeighted	电离能MaxWeighted
EAMaxWeighted	电子亲和能MaxWeighted
PaulingElectronegMaxWeighted	Pauling电负性MaxWeighted
PearsonElectronegMaxWeighted	Pearson电负性MaxWeighted
hardnessMaxWeighted	硬度MaxWeighted
AtomicRadiusMaxWeighted	原子半径MaxWeighted
IonizationMinWeighted	电离能MinWeighted
EAMinWeighted	EAMinWeighted
PaulingElectronegMinWeighted	Pauling电负性MinWeighted
PearsonElectronegMinWeighted	Pearson电负性MinWeighted
hardnessMinWeighted	硬度MinWeighted
AtomicRadiusMinWeighted	原子半径MinWeighted
IonizationMeanWeighted	电离能MeanWeighted
EAMeanWeighted	电子亲和能MeanWeighted
PaulingElectronegMeanWeighted	Pauling电负性MeanWeighted
PearsonElectronegMeanWeighted	Pearson电负性MeanWeighted
hardnessMeanWeighted	硬度MeanWeighted
AtomicRadiusMeanWeighted	原子半径MeanWeighted
IonizationGeomWeighted	电离能GeomWeighted
EAGeomWeighted	电子亲和能GeomWeighted
PaulingElectronegGeomWeighted	Pauling电负性GeomWeighted
PearsonElectronegGeomWeighted	Pearson电负性GeomWeighted
hardnessGeomWeighted	硬度GeomWeighted
AtomicRadiusGeomWeighted	原子半径GeomWeighted
Selected Features: 49 in 273.
Feature name	 Translation
temp	温度
time	反应时间
pH	pH
leak	产物泄露
orgvanderwaalsMax	orgvanderwaalsMax
orgASA_HMax	orgASA_HMax
orgmaximalprojectionsizeMin	orgmaximalprojectionsizeMin
orgASAMin	orgASAMin
orgvanderwaalsArithAvg	orgvanderwaals算术平均
orgASA-ArithAvg	orgASA-算术平均
orgASA_HArithAvg	orgASA_H算术平均
orgASA_PArithAvg	orgASA_P算术平均
orghbdamsaccArithAvg	orghbdamsacc算术平均
orghbdamsdonArithAvg	orghbdamsdon算术平均
orgmaximalprojectionsizeGeomAvg	orgmaximalprojectionsize几何平均
orgASA_HGeomAvg	orgASA_H几何平均
orgASA_PGeomAvg	orgASA_P几何平均
orghbdamsdonGeomAvg	orghbdamsdon几何平均
inorg-water-moleratio	无机相-水摩尔比
org-water-moleratio	有机相-水摩尔比
orgacc-waterdonratio	orgacc-waterdonratio
orgdon-wateraccratio	orgdon-wateraccratio
inorg-org-moleratio	无机-有机相摩尔比
notwater-water-moleratio	非水-水摩尔比
PaulingElectronegMean	Pauling电负性Mean
IonizationMaxWeighted	电离能MaxWeighted
EAMaxWeighted	电子亲和能MaxWeighted
PaulingElectronegMaxWeighted	Pauling电负性MaxWeighted
PearsonElectronegMaxWeighted	Pearson电负性MaxWeighted
hardnessMaxWeighted	硬度MaxWeighted
AtomicRadiusMaxWeighted	原子半径MaxWeighted
IonizationMinWeighted	电离能MinWeighted
EAMinWeighted	EAMinWeighted
PaulingElectronegMinWeighted	Pauling电负性MinWeighted
PearsonElectronegMinWeighted	Pearson电负性MinWeighted
hardnessMinWeighted	硬度MinWeighted
AtomicRadiusMinWeighted	原子半径MinWeighted
IonizationMeanWeighted	电离能MeanWeighted
EAMeanWeighted	电子亲和能MeanWeighted
PaulingElectronegMeanWeighted	Pauling电负性MeanWeighted
PearsonElectronegMeanWeighted	Pearson电负性MeanWeighted
hardnessMeanWeighted	硬度MeanWeighted
AtomicRadiusMeanWeighted	原子半径MeanWeighted
IonizationGeomWeighted	电离能GeomWeighted
EAGeomWeighted	电子亲和能GeomWeighted
PaulingElectronegGeomWeighted	Pauling电负性GeomWeighted
PearsonElectronegGeomWeighted	Pearson电负性GeomWeighted
hardnessGeomWeighted	硬度GeomWeighted
AtomicRadiusGeomWeighted	原子半径GeomWeighted
Selected Features: 50 in 273.
Feature name	 Translation
temp	温度
time	反应时间
pH	pH
leak	产物泄露
orgmaximalprojectionsizeMax	orgmaximalprojectionsizeMax
orgvanderwaalsMax	orgvanderwaalsMax
orgASAMax	orgASAMax
orgASA_HMax	orgASA_HMax
orghbdamsdonMax	orghbdamsdonMax
orgASA_HMin	orgASA_HMin
orgASA_PMin	orgASA_PMin
orgvanderwaalsArithAvg	orgvanderwaals算术平均
orgASAArithAvg	orgASA算术平均
orgASA_HArithAvg	orgASA_H算术平均
orgASA_PArithAvg	orgASA_P算术平均
orghbdamsdonArithAvg	orghbdamsdon算术平均
orgmaximalprojectionsizeGeomAvg	orgmaximalprojectionsize几何平均
orgvanderwaalsGeomAvg	orgvanderwaals几何平均
orgASAGeomAvg	orgASA几何平均
orghbdamsdonGeomAvg	orghbdamsdon几何平均
inorg-water-moleratio	无机相-水摩尔比
org-water-moleratio	有机相-水摩尔比
orgacc-waterdonratio	orgacc-waterdonratio
orgdon-wateraccratio	orgdon-wateraccratio
inorg-org-moleratio	无机-有机相摩尔比
notwater-water-moleratio	非水-水摩尔比
IonizationMaxWeighted	电离能MaxWeighted
EAMaxWeighted	电子亲和能MaxWeighted
PaulingElectronegMaxWeighted	Pauling电负性MaxWeighted
PearsonElectronegMaxWeighted	Pearson电负性MaxWeighted
hardnessMaxWeighted	硬度MaxWeighted
AtomicRadiusMaxWeighted	原子半径MaxWeighted
IonizationMinWeighted	电离能MinWeighted
EAMinWeighted	EAMinWeighted
PaulingElectronegMinWeighted	Pauling电负性MinWeighted
PearsonElectronegMinWeighted	Pearson电负性MinWeighted
hardnessMinWeighted	硬度MinWeighted
AtomicRadiusMinWeighted	原子半径MinWeighted
IonizationMeanWeighted	电离能MeanWeighted
EAMeanWeighted	电子亲和能MeanWeighted
PaulingElectronegMeanWeighted	Pauling电负性MeanWeighted
PearsonElectronegMeanWeighted	Pearson电负性MeanWeighted
hardnessMeanWeighted	硬度MeanWeighted
AtomicRadiusMeanWeighted	原子半径MeanWeighted
IonizationGeomWeighted	电离能GeomWeighted
EAGeomWeighted	电子亲和能GeomWeighted
PaulingElectronegGeomWeighted	Pauling电负性GeomWeighted
PearsonElectronegGeomWeighted	Pearson电负性GeomWeighted
hardnessGeomWeighted	硬度GeomWeighted
AtomicRadiusGeomWeighted	原子半径GeomWeighted
